0 verbose cli C:\Program Files\nodejs\node.exe C:\Program Files\nodejs\node_modules\npm\bin\npm-cli.js
1 info using npm@11.9.0
2 info using node@v24.14.0
3 silly config load:file:C:\Program Files\nodejs\node_modules\npm\npmrc
4 silly config load:file:C:\xampp\htdocs\training\cetsy\.npmrc
5 silly config load:file:C:\Users\USER\.npmrc
6 silly config load:file:C:\Users\USER\AppData\Roaming\npm\etc\npmrc
7 verbose title npm install
8 verbose argv "install" "--cache" ".npm-cache" "--loglevel" "verbose"
9 verbose logfile logs-max:10 dir:C:\xampp\htdocs\training\cetsy\.npm-cache\_logs\2026-03-16T14_53_58_529Z-
10 verbose logfile C:\xampp\htdocs\training\cetsy\.npm-cache\_logs\2026-03-16T14_53_58_529Z-debug-0.log
11 silly logfile done cleaning log files
12 silly packumentCache heap:4496293888 maxSize:1124073472 maxEntrySize:562036736
13 http fetch GET https://registry.npmjs.org/npm attempt 1 failed with EACCES
14 silly idealTree buildDeps
15 silly reify mark retired [ 'C:\\xampp\\htdocs\\training\\cetsy\\node_modules\\alpinejs' ]
16 silly reify mark retired [ 'C:\\xampp\\htdocs\\training\\cetsy\\node_modules\\ansi-regex' ]
17 silly reify mark retired [ 'C:\\xampp\\htdocs\\training\\cetsy\\node_modules\\any-promise' ]
18 silly reify mark retired [ 'C:\\xampp\\htdocs\\training\\cetsy\\node_modules\\anymatch' ]
19 silly reify mark retired [ 'C:\\xampp\\htdocs\\training\\cetsy\\node_modules\\arg' ]
20 silly reify mark retired [ 'C:\\xampp\\htdocs\\training\\cetsy\\node_modules\\autoprefixer' ]
21 silly reify mark retired [ 'C:\\xampp\\htdocs\\training\\cetsy\\node_modules\\axios' ]
22 silly reify mark retired [ 'C:\\xampp\\htdocs\\training\\cetsy\\node_modules\\balanced-match' ]
23 silly reify mark retired [
23 silly reify   'C:\\xampp\\htdocs\\training\\cetsy\\node_modules\\binary-extensions'
23 silly reify ]
24 silly reify mark retired [ 'C:\\xampp\\htdocs\\training\\cetsy\\node_modules\\brace-expansion' ]
25 silly reify mark retired [ 'C:\\xampp\\htdocs\\training\\cetsy\\node_modules\\braces' ]
26 silly reify mark retired [ 'C:\\xampp\\htdocs\\training\\cetsy\\node_modules\\browserslist' ]
27 silly reify mark retired [ 'C:\\xampp\\htdocs\\training\\cetsy\\node_modules\\camelcase-css' ]
28 silly reify mark retired [ 'C:\\xampp\\htdocs\\training\\cetsy\\node_modules\\caniuse-lite' ]
29 silly reify mark retired [ 'C:\\xampp\\htdocs\\training\\cetsy\\node_modules\\chokidar' ]
30 silly reify mark retired [ 'C:\\xampp\\htdocs\\training\\cetsy\\node_modules\\chownr' ]
31 silly reify mark retired [ 'C:\\xampp\\htdocs\\training\\cetsy\\node_modules\\commander' ]
32 silly reify mark retired [ 'C:\\xampp\\htdocs\\training\\cetsy\\node_modules\\concurrently' ]
33 silly reify mark retired [ 'C:\\xampp\\htdocs\\training\\cetsy\\node_modules\\cross-spawn' ]
34 silly reify mark retired [ 'C:\\xampp\\htdocs\\training\\cetsy\\node_modules\\cssesc' ]
35 silly reify mark retired [ 'C:\\xampp\\htdocs\\training\\cetsy\\node_modules\\detect-libc' ]
36 silly reify mark retired [ 'C:\\xampp\\htdocs\\training\\cetsy\\node_modules\\didyoumean' ]
37 silly reify mark retired [ 'C:\\xampp\\htdocs\\training\\cetsy\\node_modules\\dlv' ]
38 silly reify mark retired [ 'C:\\xampp\\htdocs\\training\\cetsy\\node_modules\\eastasianwidth' ]
39 silly reify mark retired [
39 silly reify   'C:\\xampp\\htdocs\\training\\cetsy\\node_modules\\electron-to-chromium'
39 silly reify ]
40 silly reify mark retired [ 'C:\\xampp\\htdocs\\training\\cetsy\\node_modules\\emoji-regex' ]
41 silly reify mark retired [
41 silly reify   'C:\\xampp\\htdocs\\training\\cetsy\\node_modules\\enhanced-resolve'
41 silly reify ]
42 silly reify mark retired [ 'C:\\xampp\\htdocs\\training\\cetsy\\node_modules\\esbuild' ]
43 silly reify mark retired [ 'C:\\xampp\\htdocs\\training\\cetsy\\node_modules\\fast-glob' ]
44 silly reify mark retired [ 'C:\\xampp\\htdocs\\training\\cetsy\\node_modules\\fastq' ]
45 silly reify mark retired [ 'C:\\xampp\\htdocs\\training\\cetsy\\node_modules\\fill-range' ]
46 silly reify mark retired [
46 silly reify   'C:\\xampp\\htdocs\\training\\cetsy\\node_modules\\follow-redirects'
46 silly reify ]
47 silly reify mark retired [
47 silly reify   'C:\\xampp\\htdocs\\training\\cetsy\\node_modules\\foreground-child'
47 silly reify ]
48 silly reify mark retired [ 'C:\\xampp\\htdocs\\training\\cetsy\\node_modules\\form-data' ]
49 silly reify mark retired [ 'C:\\xampp\\htdocs\\training\\cetsy\\node_modules\\fraction.js' ]
50 silly reify mark retired [ 'C:\\xampp\\htdocs\\training\\cetsy\\node_modules\\glob-parent' ]
51 silly reify mark retired [ 'C:\\xampp\\htdocs\\training\\cetsy\\node_modules\\glob' ]
52 silly reify mark retired [ 'C:\\xampp\\htdocs\\training\\cetsy\\node_modules\\is-binary-path' ]
53 silly reify mark retired [ 'C:\\xampp\\htdocs\\training\\cetsy\\node_modules\\is-core-module' ]
54 silly reify mark retired [ 'C:\\xampp\\htdocs\\training\\cetsy\\node_modules\\is-extglob' ]
55 silly reify mark retired [ 'C:\\xampp\\htdocs\\training\\cetsy\\node_modules\\is-glob' ]
56 silly reify mark retired [ 'C:\\xampp\\htdocs\\training\\cetsy\\node_modules\\is-number' ]
57 silly reify mark retired [ 'C:\\xampp\\htdocs\\training\\cetsy\\node_modules\\isexe' ]
58 silly reify mark retired [ 'C:\\xampp\\htdocs\\training\\cetsy\\node_modules\\jackspeak' ]
59 silly reify mark retired [ 'C:\\xampp\\htdocs\\training\\cetsy\\node_modules\\jiti' ]
60 silly reify mark retired [
60 silly reify   'C:\\xampp\\htdocs\\training\\cetsy\\node_modules\\laravel-vite-plugin'
60 silly reify ]
61 silly reify mark retired [ 'C:\\xampp\\htdocs\\training\\cetsy\\node_modules\\lightningcss' ]
62 silly reify mark retired [
62 silly reify   'C:\\xampp\\htdocs\\training\\cetsy\\node_modules\\lightningcss-win32-x64-msvc'
62 silly reify ]
63 silly reify mark retired [ 'C:\\xampp\\htdocs\\training\\cetsy\\node_modules\\lilconfig' ]
64 silly reify mark retired [
64 silly reify   'C:\\xampp\\htdocs\\training\\cetsy\\node_modules\\lines-and-columns'
64 silly reify ]
65 silly reify mark retired [ 'C:\\xampp\\htdocs\\training\\cetsy\\node_modules\\lodash' ]
66 silly reify mark retired [ 'C:\\xampp\\htdocs\\training\\cetsy\\node_modules\\lru-cache' ]
67 silly reify mark retired [ 'C:\\xampp\\htdocs\\training\\cetsy\\node_modules\\magic-string' ]
68 silly reify mark retired [ 'C:\\xampp\\htdocs\\training\\cetsy\\node_modules\\merge2' ]
69 silly reify mark retired [ 'C:\\xampp\\htdocs\\training\\cetsy\\node_modules\\micromatch' ]
70 silly reify mark retired [
70 silly reify   'C:\\xampp\\htdocs\\training\\cetsy\\node_modules\\mini-svg-data-uri'
70 silly reify ]
71 silly reify mark retired [ 'C:\\xampp\\htdocs\\training\\cetsy\\node_modules\\minimatch' ]
72 silly reify mark retired [ 'C:\\xampp\\htdocs\\training\\cetsy\\node_modules\\minipass' ]
73 silly reify mark retired [ 'C:\\xampp\\htdocs\\training\\cetsy\\node_modules\\minizlib' ]
74 silly reify mark retired [ 'C:\\xampp\\htdocs\\training\\cetsy\\node_modules\\mkdirp' ]
75 silly reify mark retired [ 'C:\\xampp\\htdocs\\training\\cetsy\\node_modules\\mz' ]
76 silly reify mark retired [ 'C:\\xampp\\htdocs\\training\\cetsy\\node_modules\\node-releases' ]
77 silly reify mark retired [ 'C:\\xampp\\htdocs\\training\\cetsy\\node_modules\\normalize-path' ]
78 silly reify mark retired [ 'C:\\xampp\\htdocs\\training\\cetsy\\node_modules\\normalize-range' ]
79 silly reify mark retired [ 'C:\\xampp\\htdocs\\training\\cetsy\\node_modules\\object-assign' ]
80 silly reify mark retired [ 'C:\\xampp\\htdocs\\training\\cetsy\\node_modules\\object-hash' ]
81 silly reify mark retired [
81 silly reify   'C:\\xampp\\htdocs\\training\\cetsy\\node_modules\\package-json-from-dist'
81 silly reify ]
82 silly reify mark retired [ 'C:\\xampp\\htdocs\\training\\cetsy\\node_modules\\path-key' ]
83 silly reify mark retired [ 'C:\\xampp\\htdocs\\training\\cetsy\\node_modules\\path-parse' ]
84 silly reify mark retired [ 'C:\\xampp\\htdocs\\training\\cetsy\\node_modules\\path-scurry' ]
85 silly reify mark retired [ 'C:\\xampp\\htdocs\\training\\cetsy\\node_modules\\pify' ]
86 silly reify mark retired [ 'C:\\xampp\\htdocs\\training\\cetsy\\node_modules\\pirates' ]
87 silly reify mark retired [ 'C:\\xampp\\htdocs\\training\\cetsy\\node_modules\\postcss' ]
88 silly reify mark retired [ 'C:\\xampp\\htdocs\\training\\cetsy\\node_modules\\postcss-import' ]
89 silly reify mark retired [ 'C:\\xampp\\htdocs\\training\\cetsy\\node_modules\\postcss-js' ]
90 silly reify mark retired [
90 silly reify   'C:\\xampp\\htdocs\\training\\cetsy\\node_modules\\postcss-load-config'
90 silly reify ]
91 silly reify mark retired [ 'C:\\xampp\\htdocs\\training\\cetsy\\node_modules\\postcss-nested' ]
92 silly reify mark retired [
92 silly reify   'C:\\xampp\\htdocs\\training\\cetsy\\node_modules\\postcss-selector-parser'
92 silly reify ]
93 silly reify mark retired [
93 silly reify   'C:\\xampp\\htdocs\\training\\cetsy\\node_modules\\postcss-value-parser'
93 silly reify ]
94 silly reify mark retired [ 'C:\\xampp\\htdocs\\training\\cetsy\\node_modules\\queue-microtask' ]
95 silly reify mark retired [ 'C:\\xampp\\htdocs\\training\\cetsy\\node_modules\\read-cache' ]
96 silly reify mark retired [ 'C:\\xampp\\htdocs\\training\\cetsy\\node_modules\\readdirp' ]
97 silly reify mark retired [ 'C:\\xampp\\htdocs\\training\\cetsy\\node_modules\\resolve' ]
98 silly reify mark retired [ 'C:\\xampp\\htdocs\\training\\cetsy\\node_modules\\reusify' ]
99 silly reify mark retired [ 'C:\\xampp\\htdocs\\training\\cetsy\\node_modules\\rollup' ]
100 silly reify mark retired [ 'C:\\xampp\\htdocs\\training\\cetsy\\node_modules\\run-parallel' ]
101 silly reify mark retired [ 'C:\\xampp\\htdocs\\training\\cetsy\\node_modules\\shebang-command' ]
102 silly reify mark retired [ 'C:\\xampp\\htdocs\\training\\cetsy\\node_modules\\shebang-regex' ]
103 silly reify mark retired [ 'C:\\xampp\\htdocs\\training\\cetsy\\node_modules\\shell-quote' ]
104 silly reify mark retired [ 'C:\\xampp\\htdocs\\training\\cetsy\\node_modules\\signal-exit' ]
105 silly reify mark retired [ 'C:\\xampp\\htdocs\\training\\cetsy\\node_modules\\string-width' ]
106 silly reify mark retired [ 'C:\\xampp\\htdocs\\training\\cetsy\\node_modules\\strip-ansi' ]
107 silly reify mark retired [ 'C:\\xampp\\htdocs\\training\\cetsy\\node_modules\\sucrase' ]
108 silly reify mark retired [
108 silly reify   'C:\\xampp\\htdocs\\training\\cetsy\\node_modules\\supports-preserve-symlinks-flag'
108 silly reify ]
109 silly reify mark retired [ 'C:\\xampp\\htdocs\\training\\cetsy\\node_modules\\tapable' ]
110 silly reify mark retired [ 'C:\\xampp\\htdocs\\training\\cetsy\\node_modules\\tailwindcss' ]
111 silly reify mark retired [ 'C:\\xampp\\htdocs\\training\\cetsy\\node_modules\\tar' ]
112 silly reify mark retired [ 'C:\\xampp\\htdocs\\training\\cetsy\\node_modules\\thenify' ]
113 silly reify mark retired [ 'C:\\xampp\\htdocs\\training\\cetsy\\node_modules\\thenify-all' ]
114 silly reify mark retired [ 'C:\\xampp\\htdocs\\training\\cetsy\\node_modules\\tinyglobby' ]
115 silly reify mark retired [ 'C:\\xampp\\htdocs\\training\\cetsy\\node_modules\\to-regex-range' ]
116 silly reify mark retired [
116 silly reify   'C:\\xampp\\htdocs\\training\\cetsy\\node_modules\\ts-interface-checker'
116 silly reify ]
117 silly reify mark retired [ 'C:\\xampp\\htdocs\\training\\cetsy\\node_modules\\util-deprecate' ]
118 silly reify mark retired [
118 silly reify   'C:\\xampp\\htdocs\\training\\cetsy\\node_modules\\update-browserslist-db'
118 silly reify ]
119 silly reify mark retired [ 'C:\\xampp\\htdocs\\training\\cetsy\\node_modules\\vite' ]
120 silly reify mark retired [ 'C:\\xampp\\htdocs\\training\\cetsy\\node_modules\\wrap-ansi' ]
121 silly reify mark retired [ 'C:\\xampp\\htdocs\\training\\cetsy\\node_modules\\which' ]
122 silly reify mark retired [ 'C:\\xampp\\htdocs\\training\\cetsy\\node_modules\\yallist' ]
123 silly reify mark retired [ 'C:\\xampp\\htdocs\\training\\cetsy\\node_modules\\yaml' ]
124 silly reify mark retired [
124 silly reify   'C:\\xampp\\htdocs\\training\\cetsy\\node_modules\\@ampproject\\remapping'
124 silly reify ]
125 silly reify mark retired [
125 silly reify   'C:\\xampp\\htdocs\\training\\cetsy\\node_modules\\@alloc\\quick-lru'
125 silly reify ]
126 silly reify mark retired [
126 silly reify   'C:\\xampp\\htdocs\\training\\cetsy\\node_modules\\@esbuild\\win32-x64'
126 silly reify ]
127 silly reify mark retired [ 'C:\\xampp\\htdocs\\training\\cetsy\\node_modules\\@isaacs\\cliui' ]
128 silly reify mark retired [
128 silly reify   'C:\\xampp\\htdocs\\training\\cetsy\\node_modules\\@isaacs\\fs-minipass'
128 silly reify ]
129 silly reify mark retired [
129 silly reify   'C:\\xampp\\htdocs\\training\\cetsy\\node_modules\\@jridgewell\\gen-mapping'
129 silly reify ]
130 silly reify mark retired [
130 silly reify   'C:\\xampp\\htdocs\\training\\cetsy\\node_modules\\@jridgewell\\set-array'
130 silly reify ]
131 silly reify mark retired [
131 silly reify   'C:\\xampp\\htdocs\\training\\cetsy\\node_modules\\@jridgewell\\sourcemap-codec'
131 silly reify ]
132 silly reify mark retired [
132 silly reify   'C:\\xampp\\htdocs\\training\\cetsy\\node_modules\\@jridgewell\\trace-mapping'
132 silly reify ]
133 silly reify mark retired [
133 silly reify   'C:\\xampp\\htdocs\\training\\cetsy\\node_modules\\@nodelib\\fs.stat'
133 silly reify ]
134 silly reify mark retired [
134 silly reify   'C:\\xampp\\htdocs\\training\\cetsy\\node_modules\\@nodelib\\fs.scandir'
134 silly reify ]
135 silly reify mark retired [
135 silly reify   'C:\\xampp\\htdocs\\training\\cetsy\\node_modules\\@nodelib\\fs.walk'
135 silly reify ]
136 silly reify mark retired [
136 silly reify   'C:\\xampp\\htdocs\\training\\cetsy\\node_modules\\@pkgjs\\parseargs'
136 silly reify ]
137 silly reify mark retired [
137 silly reify   'C:\\xampp\\htdocs\\training\\cetsy\\node_modules\\@rollup\\rollup-win32-x64-msvc'
137 silly reify ]
138 silly reify mark retired [
138 silly reify   'C:\\xampp\\htdocs\\training\\cetsy\\node_modules\\@tailwindcss\\forms'
138 silly reify ]
139 silly reify mark retired [
139 silly reify   'C:\\xampp\\htdocs\\training\\cetsy\\node_modules\\@tailwindcss\\node'
139 silly reify ]
140 silly reify mark retired [
140 silly reify   'C:\\xampp\\htdocs\\training\\cetsy\\node_modules\\@tailwindcss\\oxide'
140 silly reify ]
141 silly reify mark retired [
141 silly reify   'C:\\xampp\\htdocs\\training\\cetsy\\node_modules\\@tailwindcss\\oxide-win32-x64-msvc'
141 silly reify ]
142 silly reify mark retired [
142 silly reify   'C:\\xampp\\htdocs\\training\\cetsy\\node_modules\\@tailwindcss\\vite'
142 silly reify ]
143 silly reify mark retired [ 'C:\\xampp\\htdocs\\training\\cetsy\\node_modules\\@types\\estree' ]
144 silly reify mark retired [
144 silly reify   'C:\\xampp\\htdocs\\training\\cetsy\\node_modules\\@vue\\reactivity'
144 silly reify ]
145 silly reify mark retired [ 'C:\\xampp\\htdocs\\training\\cetsy\\node_modules\\@vue\\shared' ]
146 silly reify mark retired [
146 silly reify   'C:\\xampp\\htdocs\\training\\cetsy\\node_modules\\nanoid',
146 silly reify   'C:\\xampp\\htdocs\\training\\cetsy\\node_modules\\.bin\\nanoid',
146 silly reify   'C:\\xampp\\htdocs\\training\\cetsy\\node_modules\\.bin\\nanoid.cmd',
146 silly reify   'C:\\xampp\\htdocs\\training\\cetsy\\node_modules\\.bin\\nanoid.ps1'
146 silly reify ]
147 silly reify mark retired [
147 silly reify   'C:\\xampp\\htdocs\\training\\cetsy\\node_modules\\tree-kill',
147 silly reify   'C:\\xampp\\htdocs\\training\\cetsy\\node_modules\\.bin\\tree-kill',
147 silly reify   'C:\\xampp\\htdocs\\training\\cetsy\\node_modules\\.bin\\tree-kill.cmd',
147 silly reify   'C:\\xampp\\htdocs\\training\\cetsy\\node_modules\\.bin\\tree-kill.ps1'
147 silly reify ]
148 silly reify moves {
148 silly reify   'C:\\xampp\\htdocs\\training\\cetsy\\node_modules\\alpinejs': 'C:\\xampp\\htdocs\\training\\cetsy\\node_modules\\.alpinejs-2twIjQCq',
148 silly reify   'C:\\xampp\\htdocs\\training\\cetsy\\node_modules\\ansi-regex': 'C:\\xampp\\htdocs\\training\\cetsy\\node_modules\\.ansi-regex-phEQMerg',
148 silly reify   'C:\\xampp\\htdocs\\training\\cetsy\\node_modules\\any-promise': 'C:\\xampp\\htdocs\\training\\cetsy\\node_modules\\.any-promise-2BWdGJAv',
148 silly reify   'C:\\xampp\\htdocs\\training\\cetsy\\node_modules\\anymatch': 'C:\\xampp\\htdocs\\training\\cetsy\\node_modules\\.anymatch-FLJnUDfo',
148 silly reify   'C:\\xampp\\htdocs\\training\\cetsy\\node_modules\\arg': 'C:\\xampp\\htdocs\\training\\cetsy\\node_modules\\.arg-hdII273f',
148 silly reify   'C:\\xampp\\htdocs\\training\\cetsy\\node_modules\\autoprefixer': 'C:\\xampp\\htdocs\\training\\cetsy\\node_modules\\.autoprefixer-wgbuLj3d',
148 silly reify   'C:\\xampp\\htdocs\\training\\cetsy\\node_modules\\axios': 'C:\\xampp\\htdocs\\training\\cetsy\\node_modules\\.axios-Jy96l3ek',
148 silly reify   'C:\\xampp\\htdocs\\training\\cetsy\\node_modules\\balanced-match': 'C:\\xampp\\htdocs\\training\\cetsy\\node_modules\\.balanced-match-SzVYx52j',
148 silly reify   'C:\\xampp\\htdocs\\training\\cetsy\\node_modules\\binary-extensions': 'C:\\xampp\\htdocs\\training\\cetsy\\node_modules\\.binary-extensions-gpRqLqvi',
148 silly reify   'C:\\xampp\\htdocs\\training\\cetsy\\node_modules\\brace-expansion': 'C:\\xampp\\htdocs\\training\\cetsy\\node_modules\\.brace-expansion-uc4L6sga',
148 silly reify   'C:\\xampp\\htdocs\\training\\cetsy\\node_modules\\braces': 'C:\\xampp\\htdocs\\training\\cetsy\\node_modules\\.braces-BXNNwob3',
148 silly reify   'C:\\xampp\\htdocs\\training\\cetsy\\node_modules\\browserslist': 'C:\\xampp\\htdocs\\training\\cetsy\\node_modules\\.browserslist-q1f2FggE',
148 silly reify   'C:\\xampp\\htdocs\\training\\cetsy\\node_modules\\camelcase-css': 'C:\\xampp\\htdocs\\training\\cetsy\\node_modules\\.camelcase-css-bBN65KJS',
148 silly reify   'C:\\xampp\\htdocs\\training\\cetsy\\node_modules\\caniuse-lite': 'C:\\xampp\\htdocs\\training\\cetsy\\node_modules\\.caniuse-lite-M8bENQ11',
148 silly reify   'C:\\xampp\\htdocs\\training\\cetsy\\node_modules\\chokidar': 'C:\\xampp\\htdocs\\training\\cetsy\\node_modules\\.chokidar-3kRvfwPh',
148 silly reify   'C:\\xampp\\htdocs\\training\\cetsy\\node_modules\\chownr': 'C:\\xampp\\htdocs\\training\\cetsy\\node_modules\\.chownr-O7rOYlrA',
148 silly reify   'C:\\xampp\\htdocs\\training\\cetsy\\node_modules\\commander': 'C:\\xampp\\htdocs\\training\\cetsy\\node_modules\\.commander-UHgSwDaw',
148 silly reify   'C:\\xampp\\htdocs\\training\\cetsy\\node_modules\\concurrently': 'C:\\xampp\\htdocs\\training\\cetsy\\node_modules\\.concurrently-ocLfrAKW',
148 silly reify   'C:\\xampp\\htdocs\\training\\cetsy\\node_modules\\cross-spawn': 'C:\\xampp\\htdocs\\training\\cetsy\\node_modules\\.cross-spawn-OCKmY0cN',
148 silly reify   'C:\\xampp\\htdocs\\training\\cetsy\\node_modules\\cssesc': 'C:\\xampp\\htdocs\\training\\cetsy\\node_modules\\.cssesc-CnnYl1sR',
148 silly reify   'C:\\xampp\\htdocs\\training\\cetsy\\node_modules\\detect-libc': 'C:\\xampp\\htdocs\\training\\cetsy\\node_modules\\.detect-libc-7HHDdBWy',
148 silly reify   'C:\\xampp\\htdocs\\training\\cetsy\\node_modules\\didyoumean': 'C:\\xampp\\htdocs\\training\\cetsy\\node_modules\\.didyoumean-n9lMJczn',
148 silly reify   'C:\\xampp\\htdocs\\training\\cetsy\\node_modules\\dlv': 'C:\\xampp\\htdocs\\training\\cetsy\\node_modules\\.dlv-v7tDHxQu',
148 silly reify   'C:\\xampp\\htdocs\\training\\cetsy\\node_modules\\eastasianwidth': 'C:\\xampp\\htdocs\\training\\cetsy\\node_modules\\.eastasianwidth-QbGo6T0E',
148 silly reify   'C:\\xampp\\htdocs\\training\\cetsy\\node_modules\\electron-to-chromium': 'C:\\xampp\\htdocs\\training\\cetsy\\node_modules\\.electron-to-chromium-6ukQvjVM',
148 silly reify   'C:\\xampp\\htdocs\\training\\cetsy\\node_modules\\emoji-regex': 'C:\\xampp\\htdocs\\training\\cetsy\\node_modules\\.emoji-regex-4hyflGJu',
148 silly reify   'C:\\xampp\\htdocs\\training\\cetsy\\node_modules\\enhanced-resolve': 'C:\\xampp\\htdocs\\training\\cetsy\\node_modules\\.enhanced-resolve-MhX7cEqg',
148 silly reify   'C:\\xampp\\htdocs\\training\\cetsy\\node_modules\\esbuild': 'C:\\xampp\\htdocs\\training\\cetsy\\node_modules\\.esbuild-Y4YuUhz3',
148 silly reify   'C:\\xampp\\htdocs\\training\\cetsy\\node_modules\\fast-glob': 'C:\\xampp\\htdocs\\training\\cetsy\\node_modules\\.fast-glob-qT2x8vFP',
148 silly reify   'C:\\xampp\\htdocs\\training\\cetsy\\node_modules\\fastq': 'C:\\xampp\\htdocs\\training\\cetsy\\node_modules\\.fastq-I0vPUENo',
148 silly reify   'C:\\xampp\\htdocs\\training\\cetsy\\node_modules\\fill-range': 'C:\\xampp\\htdocs\\training\\cetsy\\node_modules\\.fill-range-ORfv9BHM',
148 silly reify   'C:\\xampp\\htdocs\\training\\cetsy\\node_modules\\follow-redirects': 'C:\\xampp\\htdocs\\training\\cetsy\\node_modules\\.follow-redirects-AY395K7Y',
148 silly reify   'C:\\xampp\\htdocs\\training\\cetsy\\node_modules\\foreground-child': 'C:\\xampp\\htdocs\\training\\cetsy\\node_modules\\.foreground-child-Ax3eoy9F',
148 silly reify   'C:\\xampp\\htdocs\\training\\cetsy\\node_modules\\form-data': 'C:\\xampp\\htdocs\\training\\cetsy\\node_modules\\.form-data-1OPody7Z',
148 silly reify   'C:\\xampp\\htdocs\\training\\cetsy\\node_modules\\fraction.js': 'C:\\xampp\\htdocs\\training\\cetsy\\node_modules\\.fraction.js-sJAP6fDM',
148 silly reify   'C:\\xampp\\htdocs\\training\\cetsy\\node_modules\\glob-parent': 'C:\\xampp\\htdocs\\training\\cetsy\\node_modules\\.glob-parent-RkVLRUGx',
148 silly reify   'C:\\xampp\\htdocs\\training\\cetsy\\node_modules\\glob': 'C:\\xampp\\htdocs\\training\\cetsy\\node_modules\\.glob-79CT1FwF',
148 silly reify   'C:\\xampp\\htdocs\\training\\cetsy\\node_modules\\is-binary-path': 'C:\\xampp\\htdocs\\training\\cetsy\\node_modules\\.is-binary-path-WiReCD21',
148 silly reify   'C:\\xampp\\htdocs\\training\\cetsy\\node_modules\\is-core-module': 'C:\\xampp\\htdocs\\training\\cetsy\\node_modules\\.is-core-module-N7aPPlkp',
148 silly reify   'C:\\xampp\\htdocs\\training\\cetsy\\node_modules\\is-extglob': 'C:\\xampp\\htdocs\\training\\cetsy\\node_modules\\.is-extglob-r9Mocbvs',
148 silly reify   'C:\\xampp\\htdocs\\training\\cetsy\\node_modules\\is-glob': 'C:\\xampp\\htdocs\\training\\cetsy\\node_modules\\.is-glob-65LKpnVf',
148 silly reify   'C:\\xampp\\htdocs\\training\\cetsy\\node_modules\\is-number': 'C:\\xampp\\htdocs\\training\\cetsy\\node_modules\\.is-number-dbLCeKUO',
148 silly reify   'C:\\xampp\\htdocs\\training\\cetsy\\node_modules\\isexe': 'C:\\xampp\\htdocs\\training\\cetsy\\node_modules\\.isexe-LBlkyqDk',
148 silly reify   'C:\\xampp\\htdocs\\training\\cetsy\\node_modules\\jackspeak': 'C:\\xampp\\htdocs\\training\\cetsy\\node_modules\\.jackspeak-A4Sa42j6',
148 silly reify   'C:\\xampp\\htdocs\\training\\cetsy\\node_modules\\jiti': 'C:\\xampp\\htdocs\\training\\cetsy\\node_modules\\.jiti-oVhIcPUy',
148 silly reify   'C:\\xampp\\htdocs\\training\\cetsy\\node_modules\\laravel-vite-plugin': 'C:\\xampp\\htdocs\\training\\cetsy\\node_modules\\.laravel-vite-plugin-cl4YjxUX',
148 silly reify   'C:\\xampp\\htdocs\\training\\cetsy\\node_modules\\lightningcss': 'C:\\xampp\\htdocs\\training\\cetsy\\node_modules\\.lightningcss-9B45k0yp',
148 silly reify   'C:\\xampp\\htdocs\\training\\cetsy\\node_modules\\lightningcss-win32-x64-msvc': 'C:\\xampp\\htdocs\\training\\cetsy\\node_modules\\.lightningcss-win32-x64-msvc-GWEaEmla',
148 silly reify   'C:\\xampp\\htdocs\\training\\cetsy\\node_modules\\lilconfig': 'C:\\xampp\\htdocs\\training\\cetsy\\node_modules\\.lilconfig-TLqZldHm',
148 silly reify   'C:\\xampp\\htdocs\\training\\cetsy\\node_modules\\lines-and-columns': 'C:\\xampp\\htdocs\\training\\cetsy\\node_modules\\.lines-and-columns-wARo2ovd',
148 silly reify   'C:\\xampp\\htdocs\\training\\cetsy\\node_modules\\lodash': 'C:\\xampp\\htdocs\\training\\cetsy\\node_modules\\.lodash-41wP5rtB',
148 silly reify   'C:\\xampp\\htdocs\\training\\cetsy\\node_modules\\lru-cache': 'C:\\xampp\\htdocs\\training\\cetsy\\node_modules\\.lru-cache-NBAJk0zS',
148 silly reify   'C:\\xampp\\htdocs\\training\\cetsy\\node_modules\\magic-string': 'C:\\xampp\\htdocs\\training\\cetsy\\node_modules\\.magic-string-DbAFxYcF',
148 silly reify   'C:\\xampp\\htdocs\\training\\cetsy\\node_modules\\merge2': 'C:\\xampp\\htdocs\\training\\cetsy\\node_modules\\.merge2-DY6qD569',
148 silly reify   'C:\\xampp\\htdocs\\training\\cetsy\\node_modules\\micromatch': 'C:\\xampp\\htdocs\\training\\cetsy\\node_modules\\.micromatch-8ecryhMc',
148 silly reify   'C:\\xampp\\htdocs\\training\\cetsy\\node_modules\\mini-svg-data-uri': 'C:\\xampp\\htdocs\\training\\cetsy\\node_modules\\.mini-svg-data-uri-h370qJUf',
148 silly reify   'C:\\xampp\\htdocs\\training\\cetsy\\node_modules\\minimatch': 'C:\\xampp\\htdocs\\training\\cetsy\\node_modules\\.minimatch-bjKXfrGb',
148 silly reify   'C:\\xampp\\htdocs\\training\\cetsy\\node_modules\\minipass': 'C:\\xampp\\htdocs\\training\\cetsy\\node_modules\\.minipass-ErA79KmU',
148 silly reify   'C:\\xampp\\htdocs\\training\\cetsy\\node_modules\\minizlib': 'C:\\xampp\\htdocs\\training\\cetsy\\node_modules\\.minizlib-PPjWTdgS',
148 silly reify   'C:\\xampp\\htdocs\\training\\cetsy\\node_modules\\mkdirp': 'C:\\xampp\\htdocs\\training\\cetsy\\node_modules\\.mkdirp-RmPOpWqU',
148 silly reify   'C:\\xampp\\htdocs\\training\\cetsy\\node_modules\\mz': 'C:\\xampp\\htdocs\\training\\cetsy\\node_modules\\.mz-eXmxXzzt',
148 silly reify   'C:\\xampp\\htdocs\\training\\cetsy\\node_modules\\node-releases': 'C:\\xampp\\htdocs\\training\\cetsy\\node_modules\\.node-releases-l6JIfsnB',
148 silly reify   'C:\\xampp\\htdocs\\training\\cetsy\\node_modules\\normalize-path': 'C:\\xampp\\htdocs\\training\\cetsy\\node_modules\\.normalize-path-DFjUxrGQ',
148 silly reify   'C:\\xampp\\htdocs\\training\\cetsy\\node_modules\\normalize-range': 'C:\\xampp\\htdocs\\training\\cetsy\\node_modules\\.normalize-range-JBazWFJe',
148 silly reify   'C:\\xampp\\htdocs\\training\\cetsy\\node_modules\\object-assign': 'C:\\xampp\\htdocs\\training\\cetsy\\node_modules\\.object-assign-hNm4SmZv',
148 silly reify   'C:\\xampp\\htdocs\\training\\cetsy\\node_modules\\object-hash': 'C:\\xampp\\htdocs\\training\\cetsy\\node_modules\\.object-hash-PROEPKIK',
148 silly reify   'C:\\xampp\\htdocs\\training\\cetsy\\node_modules\\package-json-from-dist': 'C:\\xampp\\htdocs\\training\\cetsy\\node_modules\\.package-json-from-dist-67QZQLkz',
148 silly reify   'C:\\xampp\\htdocs\\training\\cetsy\\node_modules\\path-key': 'C:\\xampp\\htdocs\\training\\cetsy\\node_modules\\.path-key-A3fbQDwX',
148 silly reify   'C:\\xampp\\htdocs\\training\\cetsy\\node_modules\\path-parse': 'C:\\xampp\\htdocs\\training\\cetsy\\node_modules\\.path-parse-V3NiQIqY',
148 silly reify   'C:\\xampp\\htdocs\\training\\cetsy\\node_modules\\path-scurry': 'C:\\xampp\\htdocs\\training\\cetsy\\node_modules\\.path-scurry-YKUbw40Z',
148 silly reify   'C:\\xampp\\htdocs\\training\\cetsy\\node_modules\\pify': 'C:\\xampp\\htdocs\\training\\cetsy\\node_modules\\.pify-Ons5mEAl',
148 silly reify   'C:\\xampp\\htdocs\\training\\cetsy\\node_modules\\pirates': 'C:\\xampp\\htdocs\\training\\cetsy\\node_modules\\.pirates-yTJNPVxQ',
148 silly reify   'C:\\xampp\\htdocs\\training\\cetsy\\node_modules\\postcss': 'C:\\xampp\\htdocs\\training\\cetsy\\node_modules\\.postcss-8473acVT',
148 silly reify   'C:\\xampp\\htdocs\\training\\cetsy\\node_modules\\postcss-import': 'C:\\xampp\\htdocs\\training\\cetsy\\node_modules\\.postcss-import-HiTfPJGn',
148 silly reify   'C:\\xampp\\htdocs\\training\\cetsy\\node_modules\\postcss-js': 'C:\\xampp\\htdocs\\training\\cetsy\\node_modules\\.postcss-js-TxpinqT3',
148 silly reify   'C:\\xampp\\htdocs\\training\\cetsy\\node_modules\\postcss-load-config': 'C:\\xampp\\htdocs\\training\\cetsy\\node_modules\\.postcss-load-config-BTjX2iXd',
148 silly reify   'C:\\xampp\\htdocs\\training\\cetsy\\node_modules\\postcss-nested': 'C:\\xampp\\htdocs\\training\\cetsy\\node_modules\\.postcss-nested-GLu87Dxn',
148 silly reify   'C:\\xampp\\htdocs\\training\\cetsy\\node_modules\\postcss-selector-parser': 'C:\\xampp\\htdocs\\training\\cetsy\\node_modules\\.postcss-selector-parser-YbQ8LksS',
148 silly reify   'C:\\xampp\\htdocs\\training\\cetsy\\node_modules\\postcss-value-parser': 'C:\\xampp\\htdocs\\training\\cetsy\\node_modules\\.postcss-value-parser-GZ7VXxmM',
148 silly reify   'C:\\xampp\\htdocs\\training\\cetsy\\node_modules\\queue-microtask': 'C:\\xampp\\htdocs\\training\\cetsy\\node_modules\\.queue-microtask-MnCefABJ',
148 silly reify   'C:\\xampp\\htdocs\\training\\cetsy\\node_modules\\read-cache': 'C:\\xampp\\htdocs\\training\\cetsy\\node_modules\\.read-cache-3nBZrSg8',
148 silly reify   'C:\\xampp\\htdocs\\training\\cetsy\\node_modules\\readdirp': 'C:\\xampp\\htdocs\\training\\cetsy\\node_modules\\.readdirp-g5o15d8T',
148 silly reify   'C:\\xampp\\htdocs\\training\\cetsy\\node_modules\\resolve': 'C:\\xampp\\htdocs\\training\\cetsy\\node_modules\\.resolve-Ogd9bhvl',
148 silly reify   'C:\\xampp\\htdocs\\training\\cetsy\\node_modules\\reusify': 'C:\\xampp\\htdocs\\training\\cetsy\\node_modules\\.reusify-DFHE3APK',
148 silly reify   'C:\\xampp\\htdocs\\training\\cetsy\\node_modules\\rollup': 'C:\\xampp\\htdocs\\training\\cetsy\\node_modules\\.rollup-CT95R5sp',
148 silly reify   'C:\\xampp\\htdocs\\training\\cetsy\\node_modules\\run-parallel': 'C:\\xampp\\htdocs\\training\\cetsy\\node_modules\\.run-parallel-Op0SXYQr',
148 silly reify   'C:\\xampp\\htdocs\\training\\cetsy\\node_modules\\shebang-command': 'C:\\xampp\\htdocs\\training\\cetsy\\node_modules\\.shebang-command-iNZQ1iS2',
148 silly reify   'C:\\xampp\\htdocs\\training\\cetsy\\node_modules\\shebang-regex': 'C:\\xampp\\htdocs\\training\\cetsy\\node_modules\\.shebang-regex-rmHTivWN',
148 silly reify   'C:\\xampp\\htdocs\\training\\cetsy\\node_modules\\shell-quote': 'C:\\xampp\\htdocs\\training\\cetsy\\node_modules\\.shell-quote-kGSlLvpJ',
148 silly reify   'C:\\xampp\\htdocs\\training\\cetsy\\node_modules\\signal-exit': 'C:\\xampp\\htdocs\\training\\cetsy\\node_modules\\.signal-exit-thklI5e5',
148 silly reify   'C:\\xampp\\htdocs\\training\\cetsy\\node_modules\\string-width': 'C:\\xampp\\htdocs\\training\\cetsy\\node_modules\\.string-width-vY9oJes6',
148 silly reify   'C:\\xampp\\htdocs\\training\\cetsy\\node_modules\\strip-ansi': 'C:\\xampp\\htdocs\\training\\cetsy\\node_modules\\.strip-ansi-kDJiGXvX',
148 silly reify   'C:\\xampp\\htdocs\\training\\cetsy\\node_modules\\sucrase': 'C:\\xampp\\htdocs\\training\\cetsy\\node_modules\\.sucrase-VTj0vJdv',
148 silly reify   'C:\\xampp\\htdocs\\training\\cetsy\\node_modules\\supports-preserve-symlinks-flag': 'C:\\xampp\\htdocs\\training\\cetsy\\node_modules\\.supports-preserve-symlinks-flag-jB21XU1G',
148 silly reify   'C:\\xampp\\htdocs\\training\\cetsy\\node_modules\\tapable': 'C:\\xampp\\htdocs\\training\\cetsy\\node_modules\\.tapable-SaTivqEV',
148 silly reify   'C:\\xampp\\htdocs\\training\\cetsy\\node_modules\\tailwindcss': 'C:\\xampp\\htdocs\\training\\cetsy\\node_modules\\.tailwindcss-UKMuSjLW',
148 silly reify   'C:\\xampp\\htdocs\\training\\cetsy\\node_modules\\tar': 'C:\\xampp\\htdocs\\training\\cetsy\\node_modules\\.tar-ID6Xn3Fh',
148 silly reify   'C:\\xampp\\htdocs\\training\\cetsy\\node_modules\\thenify': 'C:\\xampp\\htdocs\\training\\cetsy\\node_modules\\.thenify-I63uZ8bc',
148 silly reify   'C:\\xampp\\htdocs\\training\\cetsy\\node_modules\\thenify-all': 'C:\\xampp\\htdocs\\training\\cetsy\\node_modules\\.thenify-all-9emr4McH',
148 silly reify   'C:\\xampp\\htdocs\\training\\cetsy\\node_modules\\tinyglobby': 'C:\\xampp\\htdocs\\training\\cetsy\\node_modules\\.tinyglobby-ThgnnX4m',
148 silly reify   'C:\\xampp\\htdocs\\training\\cetsy\\node_modules\\to-regex-range': 'C:\\xampp\\htdocs\\training\\cetsy\\node_modules\\.to-regex-range-y46qRV9v',
148 silly reify   'C:\\xampp\\htdocs\\training\\cetsy\\node_modules\\ts-interface-checker': 'C:\\xampp\\htdocs\\training\\cetsy\\node_modules\\.ts-interface-checker-z57IHb9Q',
148 silly reify   'C:\\xampp\\htdocs\\training\\cetsy\\node_modules\\util-deprecate': 'C:\\xampp\\htdocs\\training\\cetsy\\node_modules\\.util-deprecate-weF7KIIu',
148 silly reify   'C:\\xampp\\htdocs\\training\\cetsy\\node_modules\\update-browserslist-db': 'C:\\xampp\\htdocs\\training\\cetsy\\node_modules\\.update-browserslist-db-pDWTDKCk',
148 silly reify   'C:\\xampp\\htdocs\\training\\cetsy\\node_modules\\vite': 'C:\\xampp\\htdocs\\training\\cetsy\\node_modules\\.vite-KD2SsJb9',
148 silly reify   'C:\\xampp\\htdocs\\training\\cetsy\\node_modules\\wrap-ansi': 'C:\\xampp\\htdocs\\training\\cetsy\\node_modules\\.wrap-ansi-QD7pLisw',
148 silly reify   'C:\\xampp\\htdocs\\training\\cetsy\\node_modules\\which': 'C:\\xampp\\htdocs\\training\\cetsy\\node_modules\\.which-iTS76K5b',
148 silly reify   'C:\\xampp\\htdocs\\training\\cetsy\\node_modules\\yallist': 'C:\\xampp\\htdocs\\training\\cetsy\\node_modules\\.yallist-RflS4V2Z',
148 silly reify   'C:\\xampp\\htdocs\\training\\cetsy\\node_modules\\yaml': 'C:\\xampp\\htdocs\\training\\cetsy\\node_modules\\.yaml-oeEYopam',
148 silly reify   'C:\\xampp\\htdocs\\training\\cetsy\\node_modules\\@ampproject\\remapping': 'C:\\xampp\\htdocs\\training\\cetsy\\node_modules\\@ampproject\\.remapping-49Ji2p2M',
148 silly reify   'C:\\xampp\\htdocs\\training\\cetsy\\node_modules\\@alloc\\quick-lru': 'C:\\xampp\\htdocs\\training\\cetsy\\node_modules\\@alloc\\.quick-lru-3gyf0Bcw',
148 silly reify   'C:\\xampp\\htdocs\\training\\cetsy\\node_modules\\@esbuild\\win32-x64': 'C:\\xampp\\htdocs\\training\\cetsy\\node_modules\\@esbuild\\.win32-x64-GNS5PvAE',
148 silly reify   'C:\\xampp\\htdocs\\training\\cetsy\\node_modules\\@isaacs\\cliui': 'C:\\xampp\\htdocs\\training\\cetsy\\node_modules\\@isaacs\\.cliui-tpB4B8Nz',
148 silly reify   'C:\\xampp\\htdocs\\training\\cetsy\\node_modules\\@isaacs\\fs-minipass': 'C:\\xampp\\htdocs\\training\\cetsy\\node_modules\\@isaacs\\.fs-minipass-DzrjzqUc',
148 silly reify   'C:\\xampp\\htdocs\\training\\cetsy\\node_modules\\@jridgewell\\gen-mapping': 'C:\\xampp\\htdocs\\training\\cetsy\\node_modules\\@jridgewell\\.gen-mapping-7XVy1tVT',
148 silly reify   'C:\\xampp\\htdocs\\training\\cetsy\\node_modules\\@jridgewell\\set-array': 'C:\\xampp\\htdocs\\training\\cetsy\\node_modules\\@jridgewell\\.set-array-TcUBCMRH',
148 silly reify   'C:\\xampp\\htdocs\\training\\cetsy\\node_modules\\@jridgewell\\sourcemap-codec': 'C:\\xampp\\htdocs\\training\\cetsy\\node_modules\\@jridgewell\\.sourcemap-codec-ualHFR2l',
148 silly reify   'C:\\xampp\\htdocs\\training\\cetsy\\node_modules\\@jridgewell\\trace-mapping': 'C:\\xampp\\htdocs\\training\\cetsy\\node_modules\\@jridgewell\\.trace-mapping-5B4lRHSO',
148 silly reify   'C:\\xampp\\htdocs\\training\\cetsy\\node_modules\\@nodelib\\fs.stat': 'C:\\xampp\\htdocs\\training\\cetsy\\node_modules\\@nodelib\\.fs.stat-F0wS0T4H',
148 silly reify   'C:\\xampp\\htdocs\\training\\cetsy\\node_modules\\@nodelib\\fs.scandir': 'C:\\xampp\\htdocs\\training\\cetsy\\node_modules\\@nodelib\\.fs.scandir-85ADhG53',
148 silly reify   'C:\\xampp\\htdocs\\training\\cetsy\\node_modules\\@nodelib\\fs.walk': 'C:\\xampp\\htdocs\\training\\cetsy\\node_modules\\@nodelib\\.fs.walk-CO70AW2l',
148 silly reify   'C:\\xampp\\htdocs\\training\\cetsy\\node_modules\\@pkgjs\\parseargs': 'C:\\xampp\\htdocs\\training\\cetsy\\node_modules\\@pkgjs\\.parseargs-cZvEOOq8',
148 silly reify   'C:\\xampp\\htdocs\\training\\cetsy\\node_modules\\@rollup\\rollup-win32-x64-msvc': 'C:\\xampp\\htdocs\\training\\cetsy\\node_modules\\@rollup\\.rollup-win32-x64-msvc-PH2ATq7s',
148 silly reify   'C:\\xampp\\htdocs\\training\\cetsy\\node_modules\\@tailwindcss\\forms': 'C:\\xampp\\htdocs\\training\\cetsy\\node_modules\\@tailwindcss\\.forms-962rU6kU',
148 silly reify   'C:\\xampp\\htdocs\\training\\cetsy\\node_modules\\@tailwindcss\\node': 'C:\\xampp\\htdocs\\training\\cetsy\\node_modules\\@tailwindcss\\.node-C3ZcXwa1',
148 silly reify   'C:\\xampp\\htdocs\\training\\cetsy\\node_modules\\@tailwindcss\\oxide': 'C:\\xampp\\htdocs\\training\\cetsy\\node_modules\\@tailwindcss\\.oxide-JQY3RCR6',
148 silly reify   'C:\\xampp\\htdocs\\training\\cetsy\\node_modules\\@tailwindcss\\oxide-win32-x64-msvc': 'C:\\xampp\\htdocs\\training\\cetsy\\node_modules\\@tailwindcss\\.oxide-win32-x64-msvc-umDtPInL',
148 silly reify   'C:\\xampp\\htdocs\\training\\cetsy\\node_modules\\@tailwindcss\\vite': 'C:\\xampp\\htdocs\\training\\cetsy\\node_modules\\@tailwindcss\\.vite-2Ij2b9t0',
148 silly reify   'C:\\xampp\\htdocs\\training\\cetsy\\node_modules\\@types\\estree': 'C:\\xampp\\htdocs\\training\\cetsy\\node_modules\\@types\\.estree-fuotTQ7j',
148 silly reify   'C:\\xampp\\htdocs\\training\\cetsy\\node_modules\\@vue\\reactivity': 'C:\\xampp\\htdocs\\training\\cetsy\\node_modules\\@vue\\.reactivity-5IRd32WB',
148 silly reify   'C:\\xampp\\htdocs\\training\\cetsy\\node_modules\\@vue\\shared': 'C:\\xampp\\htdocs\\training\\cetsy\\node_modules\\@vue\\.shared-7b6u0fRC',
148 silly reify   'C:\\xampp\\htdocs\\training\\cetsy\\node_modules\\nanoid': 'C:\\xampp\\htdocs\\training\\cetsy\\node_modules\\.nanoid-DFjzrxk1',
148 silly reify   'C:\\xampp\\htdocs\\training\\cetsy\\node_modules\\.bin\\nanoid': 'C:\\xampp\\htdocs\\training\\cetsy\\node_modules\\.bin\\.nanoid-4LoIExO8',
148 silly reify   'C:\\xampp\\htdocs\\training\\cetsy\\node_modules\\.bin\\nanoid.cmd': 'C:\\xampp\\htdocs\\training\\cetsy\\node_modules\\.bin\\.nanoid.cmd-HhPB0yJ4',
148 silly reify   'C:\\xampp\\htdocs\\training\\cetsy\\node_modules\\.bin\\nanoid.ps1': 'C:\\xampp\\htdocs\\training\\cetsy\\node_modules\\.bin\\.nanoid.ps1-iAbmcxXJ',
148 silly reify   'C:\\xampp\\htdocs\\training\\cetsy\\node_modules\\tree-kill': 'C:\\xampp\\htdocs\\training\\cetsy\\node_modules\\.tree-kill-eWKmzwqi',
148 silly reify   'C:\\xampp\\htdocs\\training\\cetsy\\node_modules\\.bin\\tree-kill': 'C:\\xampp\\htdocs\\training\\cetsy\\node_modules\\.bin\\.tree-kill-kltOw8MM',
148 silly reify   'C:\\xampp\\htdocs\\training\\cetsy\\node_modules\\.bin\\tree-kill.cmd': 'C:\\xampp\\htdocs\\training\\cetsy\\node_modules\\.bin\\.tree-kill.cmd-AWSZ21bA',
148 silly reify   'C:\\xampp\\htdocs\\training\\cetsy\\node_modules\\.bin\\tree-kill.ps1': 'C:\\xampp\\htdocs\\training\\cetsy\\node_modules\\.bin\\.tree-kill.ps1-1YdAfiQ7'
148 silly reify }
149 silly audit bulk request {
149 silly audit   '@alloc/quick-lru': [ '5.2.0' ],
149 silly audit   '@ampproject/remapping': [ '2.3.0' ],
149 silly audit   '@esbuild/aix-ppc64': [ '0.25.4' ],
149 silly audit   '@esbuild/android-arm': [ '0.25.4' ],
149 silly audit   '@esbuild/android-arm64': [ '0.25.4' ],
149 silly audit   '@esbuild/android-x64': [ '0.25.4' ],
149 silly audit   '@esbuild/darwin-arm64': [ '0.25.4' ],
149 silly audit   '@esbuild/darwin-x64': [ '0.25.4' ],
149 silly audit   '@esbuild/freebsd-arm64': [ '0.25.4' ],
149 silly audit   '@esbuild/freebsd-x64': [ '0.25.4' ],
149 silly audit   '@esbuild/linux-arm': [ '0.25.4' ],
149 silly audit   '@esbuild/linux-arm64': [ '0.25.4' ],
149 silly audit   '@esbuild/linux-ia32': [ '0.25.4' ],
149 silly audit   '@esbuild/linux-loong64': [ '0.25.4' ],
149 silly audit   '@esbuild/linux-mips64el': [ '0.25.4' ],
149 silly audit   '@esbuild/linux-ppc64': [ '0.25.4' ],
149 silly audit   '@esbuild/linux-riscv64': [ '0.25.4' ],
149 silly audit   '@esbuild/linux-s390x': [ '0.25.4' ],
149 silly audit   '@esbuild/linux-x64': [ '0.25.4' ],
149 silly audit   '@esbuild/netbsd-arm64': [ '0.25.4' ],
149 silly audit   '@esbuild/netbsd-x64': [ '0.25.4' ],
149 silly audit   '@esbuild/openbsd-arm64': [ '0.25.4' ],
149 silly audit   '@esbuild/openbsd-x64': [ '0.25.4' ],
149 silly audit   '@esbuild/sunos-x64': [ '0.25.4' ],
149 silly audit   '@esbuild/win32-arm64': [ '0.25.4' ],
149 silly audit   '@esbuild/win32-ia32': [ '0.25.4' ],
149 silly audit   '@esbuild/win32-x64': [ '0.25.4' ],
149 silly audit   '@isaacs/cliui': [ '8.0.2' ],
149 silly audit   '@isaacs/fs-minipass': [ '4.0.1' ],
149 silly audit   '@jridgewell/gen-mapping': [ '0.3.8' ],
149 silly audit   '@jridgewell/resolve-uri': [ '3.1.2' ],
149 silly audit   '@jridgewell/set-array': [ '1.2.1' ],
149 silly audit   '@jridgewell/sourcemap-codec': [ '1.5.0' ],
149 silly audit   '@jridgewell/trace-mapping': [ '0.3.25' ],
149 silly audit   '@nodelib/fs.scandir': [ '2.1.5' ],
149 silly audit   '@nodelib/fs.stat': [ '2.0.5' ],
149 silly audit   '@nodelib/fs.walk': [ '1.2.8' ],
149 silly audit   '@pkgjs/parseargs': [ '0.11.0' ],
149 silly audit   '@rollup/rollup-android-arm-eabi': [ '4.40.2' ],
149 silly audit   '@rollup/rollup-android-arm64': [ '4.40.2' ],
149 silly audit   '@rollup/rollup-darwin-arm64': [ '4.40.2' ],
149 silly audit   '@rollup/rollup-darwin-x64': [ '4.40.2' ],
149 silly audit   '@rollup/rollup-freebsd-arm64': [ '4.40.2' ],
149 silly audit   '@rollup/rollup-freebsd-x64': [ '4.40.2' ],
149 silly audit   '@rollup/rollup-linux-arm-gnueabihf': [ '4.40.2' ],
149 silly audit   '@rollup/rollup-linux-arm-musleabihf': [ '4.40.2' ],
149 silly audit   '@rollup/rollup-linux-arm64-gnu': [ '4.40.2' ],
149 silly audit   '@rollup/rollup-linux-arm64-musl': [ '4.40.2' ],
149 silly audit   '@rollup/rollup-linux-loongarch64-gnu': [ '4.40.2' ],
149 silly audit   '@rollup/rollup-linux-powerpc64le-gnu': [ '4.40.2' ],
149 silly audit   '@rollup/rollup-linux-riscv64-gnu': [ '4.40.2' ],
149 silly audit   '@rollup/rollup-linux-riscv64-musl': [ '4.40.2' ],
149 silly audit   '@rollup/rollup-linux-s390x-gnu': [ '4.40.2' ],
149 silly audit   '@rollup/rollup-linux-x64-gnu': [ '4.40.2' ],
149 silly audit   '@rollup/rollup-linux-x64-musl': [ '4.40.2' ],
149 silly audit   '@rollup/rollup-win32-arm64-msvc': [ '4.40.2' ],
149 silly audit   '@rollup/rollup-win32-ia32-msvc': [ '4.40.2' ],
149 silly audit   '@rollup/rollup-win32-x64-msvc': [ '4.40.2' ],
149 silly audit   '@tailwindcss/forms': [ '0.5.10' ],
149 silly audit   '@tailwindcss/node': [ '4.1.7' ],
149 silly audit   tailwindcss: [ '4.1.7', '3.4.17' ],
149 silly audit   '@tailwindcss/oxide': [ '4.1.7' ],
149 silly audit   '@tailwindcss/oxide-android-arm64': [ '4.1.7' ],
149 silly audit   '@tailwindcss/oxide-darwin-arm64': [ '4.1.7' ],
149 silly audit   '@tailwindcss/oxide-darwin-x64': [ '4.1.7' ],
149 silly audit   '@tailwindcss/oxide-freebsd-x64': [ '4.1.7' ],
149 silly audit   '@tailwindcss/oxide-linux-arm-gnueabihf': [ '4.1.7' ],
149 silly audit   '@tailwindcss/oxide-linux-arm64-gnu': [ '4.1.7' ],
149 silly audit   '@tailwindcss/oxide-linux-arm64-musl': [ '4.1.7' ],
149 silly audit   '@tailwindcss/oxide-linux-x64-gnu': [ '4.1.7' ],
149 silly audit   '@tailwindcss/oxide-linux-x64-musl': [ '4.1.7' ],
149 silly audit   '@tailwindcss/oxide-wasm32-wasi': [ '4.1.7' ],
149 silly audit   '@tailwindcss/oxide-win32-arm64-msvc': [ '4.1.7' ],
149 silly audit   '@tailwindcss/oxide-win32-x64-msvc': [ '4.1.7' ],
149 silly audit   '@tailwindcss/vite': [ '4.1.7' ],
149 silly audit   '@types/estree': [ '1.0.7' ],
149 silly audit   '@vue/reactivity': [ '3.1.5' ],
149 silly audit   '@vue/shared': [ '3.1.5' ],
149 silly audit   alpinejs: [ '3.14.9' ],
149 silly audit   'ansi-regex': [ '6.1.0', '5.0.1' ],
149 silly audit   'ansi-styles': [ '4.3.0', '6.2.1' ],
149 silly audit   'any-promise': [ '1.3.0' ],
149 silly audit   anymatch: [ '3.1.3' ],
149 silly audit   arg: [ '5.0.2' ],
149 silly audit   asynckit: [ '0.4.0' ],
149 silly audit   autoprefixer: [ '10.4.21' ],
149 silly audit   axios: [ '1.9.0' ],
149 silly audit   'balanced-match': [ '1.0.2' ],
149 silly audit   'binary-extensions': [ '2.3.0' ],
149 silly audit   'brace-expansion': [ '2.0.1' ],
149 silly audit   braces: [ '3.0.3' ],
149 silly audit   browserslist: [ '4.24.5' ],
149 silly audit   'call-bind-apply-helpers': [ '1.0.2' ],
149 silly audit   'camelcase-css': [ '2.0.1' ],
149 silly audit   'caniuse-lite': [ '1.0.30001718' ],
149 silly audit   chalk: [ '4.1.2' ],
149 silly audit   'supports-color': [ '7.2.0', '8.1.1' ],
149 silly audit   chokidar: [ '3.6.0' ],
149 silly audit   'glob-parent': [ '5.1.2', '6.0.2' ],
149 silly audit   chownr: [ '3.0.0' ],
149 silly audit   cliui: [ '8.0.1' ],
149 silly audit   'emoji-regex': [ '8.0.0', '9.2.2' ],
149 silly audit   'string-width': [ '4.2.3', '5.1.2' ],
149 silly audit   'strip-ansi': [ '6.0.1', '7.1.0' ],
149 silly audit   'wrap-ansi': [ '7.0.0', '8.1.0' ],
149 silly audit   'color-convert': [ '2.0.1' ],
149 silly audit   'color-name': [ '1.1.4' ],
149 silly audit   'combined-stream': [ '1.0.8' ],
149 silly audit   commander: [ '4.1.1' ],
149 silly audit   concurrently: [ '9.1.2' ],
149 silly audit   'cross-spawn': [ '7.0.6' ],
149 silly audit   cssesc: [ '3.0.0' ],
149 silly audit   'delayed-stream': [ '1.0.0' ],
149 silly audit   'detect-libc': [ '2.0.4' ],
149 silly audit   didyoumean: [ '1.2.2' ],
149 silly audit   dlv: [ '1.1.3' ],
149 silly audit   'dunder-proto': [ '1.0.1' ],
149 silly audit   eastasianwidth: [ '0.2.0' ],
149 silly audit   'electron-to-chromium': [ '1.5.155' ],
149 silly audit   'enhanced-resolve': [ '5.18.1' ],
149 silly audit   'es-define-property': [ '1.0.1' ],
149 silly audit   'es-errors': [ '1.3.0' ],
149 silly audit   'es-object-atoms': [ '1.1.1' ],
149 silly audit   'es-set-tostringtag': [ '2.1.0' ],
149 silly audit   esbuild: [ '0.25.4' ],
149 silly audit   escalade: [ '3.2.0' ],
149 silly audit   'fast-glob': [ '3.3.3' ],
149 silly audit   fastq: [ '1.19.1' ],
149 silly audit   'fill-range': [ '7.1.1' ],
149 silly audit   'follow-redirects': [ '1.15.9' ],
149 silly audit   'foreground-child': [ '3.3.1' ],
149 silly audit   'form-data': [ '4.0.2' ],
149 silly audit   'fraction.js': [ '4.3.7' ],
149 silly audit   fsevents: [ '2.3.3' ],
149 silly audit   'function-bind': [ '1.1.2' ],
149 silly audit   'get-caller-file': [ '2.0.5' ],
149 silly audit   'get-intrinsic': [ '1.3.0' ],
149 silly audit   'get-proto': [ '1.0.1' ],
149 silly audit   glob: [ '10.4.5' ],
149 silly audit   gopd: [ '1.2.0' ],
149 silly audit   'graceful-fs': [ '4.2.11' ],
149 silly audit   'has-flag': [ '4.0.0' ],
149 silly audit   'has-symbols': [ '1.1.0' ],
149 silly audit   'has-tostringtag': [ '1.0.2' ],
149 silly audit   hasown: [ '2.0.2' ],
149 silly audit   'is-binary-path': [ '2.1.0' ],
149 silly audit   'is-core-module': [ '2.16.1' ],
149 silly audit   'is-extglob': [ '2.1.1' ],
149 silly audit   'is-fullwidth-code-point': [ '3.0.0' ],
149 silly audit   'is-glob': [ '4.0.3' ],
149 silly audit   'is-number': [ '7.0.0' ],
149 silly audit   isexe: [ '2.0.0' ],
149 silly audit   jackspeak: [ '3.4.3' ],
149 silly audit   jiti: [ '2.4.2', '1.21.7' ],
149 silly audit   'laravel-vite-plugin': [ '1.2.0' ],
149 silly audit   lightningcss: [ '1.30.1' ],
149 silly audit   'lightningcss-darwin-arm64': [ '1.30.1' ],
149 silly audit   'lightningcss-darwin-x64': [ '1.30.1' ],
149 silly audit   'lightningcss-freebsd-x64': [ '1.30.1' ],
149 silly audit   'lightningcss-linux-arm-gnueabihf': [ '1.30.1' ],
149 silly audit   'lightningcss-linux-arm64-gnu': [ '1.30.1' ],
149 silly audit   'lightningcss-linux-arm64-musl': [ '1.30.1' ],
149 silly audit   'lightningcss-linux-x64-gnu': [ '1.30.1' ],
149 silly audit   'lightningcss-linux-x64-musl': [ '1.30.1' ],
149 silly audit   'lightningcss-win32-arm64-msvc': [ '1.30.1' ],
149 silly audit   'lightningcss-win32-x64-msvc': [ '1.30.1' ],
149 silly audit   lilconfig: [ '3.1.3' ],
149 silly audit   'lines-and-columns': [ '1.2.4' ],
149 silly audit   lodash: [ '4.17.21' ],
149 silly audit   'lru-cache': [ '10.4.3' ],
149 silly audit   'magic-string': [ '0.30.17' ],
149 silly audit   'math-intrinsics': [ '1.1.0' ],
149 silly audit   merge2: [ '1.4.1' ],
149 silly audit   micromatch: [ '4.0.8' ],
149 silly audit   'mime-db': [ '1.52.0' ],
149 silly audit   'mime-types': [ '2.1.35' ],
149 silly audit   'mini-svg-data-uri': [ '1.4.4' ],
149 silly audit   minimatch: [ '9.0.5' ],
149 silly audit   minipass: [ '7.1.2' ],
149 silly audit   minizlib: [ '3.0.2' ],
149 silly audit   mkdirp: [ '3.0.1' ],
149 silly audit   mz: [ '2.7.0' ],
149 silly audit   nanoid: [ '3.3.11' ],
149 silly audit   'node-releases': [ '2.0.19' ],
149 silly audit   'normalize-path': [ '3.0.0' ],
149 silly audit   'normalize-range': [ '0.1.2' ],
149 silly audit   'object-assign': [ '4.1.1' ],
149 silly audit   'object-hash': [ '3.0.0' ],
149 silly audit   'package-json-from-dist': [ '1.0.1' ],
149 silly audit   'path-key': [ '3.1.1' ],
149 silly audit   'path-parse': [ '1.0.7' ],
149 silly audit   'path-scurry': [ '1.11.1' ],
149 silly audit   picocolors: [ '1.1.1' ],
149 silly audit   picomatch: [ '2.3.1', '4.0.2' ],
149 silly audit   pify: [ '2.3.0' ],
149 silly audit   pirates: [ '4.0.7' ],
149 silly audit   postcss: [ '8.5.3' ],
149 silly audit   'postcss-import': [ '15.1.0' ],
149 silly audit   'postcss-js': [ '4.0.1' ],
149 silly audit   'postcss-load-config': [ '4.0.2' ],
149 silly audit   'postcss-nested': [ '6.2.0' ],
149 silly audit   'postcss-selector-parser': [ '6.1.2' ],
149 silly audit   'postcss-value-parser': [ '4.2.0' ],
149 silly audit   'proxy-from-env': [ '1.1.0' ],
149 silly audit   'queue-microtask': [ '1.2.3' ],
149 silly audit   'read-cache': [ '1.0.0' ],
149 silly audit   readdirp: [ '3.6.0' ],
149 silly audit   'require-directory': [ '2.1.1' ],
149 silly audit   resolve: [ '1.22.10' ],
149 silly audit   reusify: [ '1.1.0' ],
149 silly audit   rollup: [ '4.40.2' ],
149 silly audit   'run-parallel': [ '1.2.0' ],
149 silly audit   rxjs: [ '7.8.2' ],
149 silly audit   'shebang-command': [ '2.0.0' ],
149 silly audit   'shebang-regex': [ '3.0.0' ],
149 silly audit   'shell-quote': [ '1.8.2' ],
149 silly audit   'signal-exit': [ '4.1.0' ],
149 silly audit   'source-map-js': [ '1.2.1' ],
149 silly audit   sucrase: [ '3.35.0' ],
149 silly audit   'supports-preserve-symlinks-flag': [ '1.0.0' ],
149 silly audit   tapable: [ '2.2.1' ],
149 silly audit   tar: [ '7.4.3' ],
149 silly audit   thenify: [ '3.3.1' ],
149 silly audit   'thenify-all': [ '1.6.0' ],
149 silly audit   tinyglobby: [ '0.2.13' ],
149 silly audit   fdir: [ '6.4.4' ],
149 silly audit   'to-regex-range': [ '5.0.1' ],
149 silly audit   'tree-kill': [ '1.2.2' ],
149 silly audit   'ts-interface-checker': [ '0.1.13' ],
149 silly audit   tslib: [ '2.8.1' ],
149 silly audit   'update-browserslist-db': [ '1.1.3' ],
149 silly audit   'util-deprecate': [ '1.0.2' ],
149 silly audit   vite: [ '6.3.5' ],
149 silly audit   'vite-plugin-full-reload': [ '1.2.0' ],
149 silly audit   which: [ '2.0.2' ],
149 silly audit   y18n: [ '5.0.8' ],
149 silly audit   yallist: [ '5.0.0' ],
149 silly audit   yaml: [ '2.8.0' ],
149 silly audit   yargs: [ '17.7.2' ],
149 silly audit   'yargs-parser': [ '21.1.1' ]
149 silly audit }
150 verbose audit error FetchError: request to https://registry.npmjs.org/-/npm/v1/security/advisories/bulk failed, reason: 
150 verbose audit error     at ClientRequest.<anonymous> (C:\Program Files\nodejs\node_modules\npm\node_modules\minipass-fetch\lib\index.js:130:14)
150 verbose audit error     at ClientRequest.emit (node:events:508:28)
150 verbose audit error     at emitErrorEvent (node:_http_client:108:11)
150 verbose audit error     at _destroy (node:_http_client:963:9)
150 verbose audit error     at onSocketNT (node:_http_client:983:5)
150 verbose audit error     at process.processTicksAndRejections (node:internal/process/task_queues:91:21) {
150 verbose audit error   code: 'EACCES',
150 verbose audit error   errno: 'EACCES',
150 verbose audit error   type: 'system'
150 verbose audit error }
151 silly audit error undefined
152 silly audit report null
153 http cache tree-kill@https://registry.npmjs.org/tree-kill/-/tree-kill-1.2.2.tgz 1ms (cache hit)
154 http cache @vue/shared@https://registry.npmjs.org/@vue/shared/-/shared-3.1.5.tgz 0ms (cache hit)
155 http cache nanoid@https://registry.npmjs.org/nanoid/-/nanoid-3.3.11.tgz 0ms (cache hit)
156 http cache @vue/reactivity@https://registry.npmjs.org/@vue/reactivity/-/reactivity-3.1.5.tgz 0ms (cache hit)
157 http cache @tailwindcss/vite@https://registry.npmjs.org/@tailwindcss/vite/-/vite-4.1.7.tgz 0ms (cache hit)
158 http cache @types/estree@https://registry.npmjs.org/@types/estree/-/estree-1.0.7.tgz 0ms (cache hit)
159 http cache @tailwindcss/oxide-win32-x64-msvc@https://registry.npmjs.org/@tailwindcss/oxide-win32-x64-msvc/-/oxide-win32-x64-msvc-4.1.7.tgz 0ms (cache hit)
160 http cache @tailwindcss/oxide@https://registry.npmjs.org/@tailwindcss/oxide/-/oxide-4.1.7.tgz 0ms (cache hit)
161 http cache @tailwindcss/node@https://registry.npmjs.org/@tailwindcss/node/-/node-4.1.7.tgz 0ms (cache hit)
162 http cache @tailwindcss/forms@https://registry.npmjs.org/@tailwindcss/forms/-/forms-0.5.10.tgz 0ms (cache hit)
163 http cache @rollup/rollup-win32-x64-msvc@https://registry.npmjs.org/@rollup/rollup-win32-x64-msvc/-/rollup-win32-x64-msvc-4.40.2.tgz 0ms (cache hit)
164 http cache @pkgjs/parseargs@https://registry.npmjs.org/@pkgjs/parseargs/-/parseargs-0.11.0.tgz 0ms (cache hit)
165 http cache @jridgewell/trace-mapping@https://registry.npmjs.org/@jridgewell/trace-mapping/-/trace-mapping-0.3.25.tgz 0ms (cache hit)
166 http cache @nodelib/fs.walk@https://registry.npmjs.org/@nodelib/fs.walk/-/fs.walk-1.2.8.tgz 0ms (cache hit)
167 http cache @nodelib/fs.scandir@https://registry.npmjs.org/@nodelib/fs.scandir/-/fs.scandir-2.1.5.tgz 0ms (cache hit)
168 http cache @nodelib/fs.stat@https://registry.npmjs.org/@nodelib/fs.stat/-/fs.stat-2.0.5.tgz 0ms (cache hit)
169 http cache @isaacs/fs-minipass@https://registry.npmjs.org/@isaacs/fs-minipass/-/fs-minipass-4.0.1.tgz 0ms (cache hit)
170 http cache @jridgewell/sourcemap-codec@https://registry.npmjs.org/@jridgewell/sourcemap-codec/-/sourcemap-codec-1.5.0.tgz 0ms (cache hit)
171 http cache @jridgewell/set-array@https://registry.npmjs.org/@jridgewell/set-array/-/set-array-1.2.1.tgz 0ms (cache hit)
172 http cache @jridgewell/gen-mapping@https://registry.npmjs.org/@jridgewell/gen-mapping/-/gen-mapping-0.3.8.tgz 0ms (cache hit)
173 http cache @esbuild/win32-x64@https://registry.npmjs.org/@esbuild/win32-x64/-/win32-x64-0.25.4.tgz 0ms (cache hit)
174 http cache @isaacs/cliui@https://registry.npmjs.org/@isaacs/cliui/-/cliui-8.0.2.tgz 0ms (cache hit)
175 http cache @ampproject/remapping@https://registry.npmjs.org/@ampproject/remapping/-/remapping-2.3.0.tgz 0ms (cache hit)
176 http cache @alloc/quick-lru@https://registry.npmjs.org/@alloc/quick-lru/-/quick-lru-5.2.0.tgz 0ms (cache hit)
177 http cache yaml@https://registry.npmjs.org/yaml/-/yaml-2.8.0.tgz 0ms (cache hit)
178 http cache which@https://registry.npmjs.org/which/-/which-2.0.2.tgz 0ms (cache hit)
179 http cache yallist@https://registry.npmjs.org/yallist/-/yallist-5.0.0.tgz 0ms (cache hit)
180 http cache wrap-ansi@https://registry.npmjs.org/wrap-ansi/-/wrap-ansi-8.1.0.tgz 0ms (cache hit)
181 http cache update-browserslist-db@https://registry.npmjs.org/update-browserslist-db/-/update-browserslist-db-1.1.3.tgz 0ms (cache hit)
182 http cache vite@https://registry.npmjs.org/vite/-/vite-6.3.5.tgz 0ms (cache hit)
183 http cache util-deprecate@https://registry.npmjs.org/util-deprecate/-/util-deprecate-1.0.2.tgz 0ms (cache hit)
184 http cache ts-interface-checker@https://registry.npmjs.org/ts-interface-checker/-/ts-interface-checker-0.1.13.tgz 0ms (cache hit)
185 http cache to-regex-range@https://registry.npmjs.org/to-regex-range/-/to-regex-range-5.0.1.tgz 0ms (cache hit)
186 http cache tinyglobby@https://registry.npmjs.org/tinyglobby/-/tinyglobby-0.2.13.tgz 0ms (cache hit)
187 http cache thenify-all@https://registry.npmjs.org/thenify-all/-/thenify-all-1.6.0.tgz 0ms (cache hit)
188 http cache thenify@https://registry.npmjs.org/thenify/-/thenify-3.3.1.tgz 0ms (cache hit)
189 http cache tar@https://registry.npmjs.org/tar/-/tar-7.4.3.tgz 0ms (cache hit)
190 http cache tailwindcss@https://registry.npmjs.org/tailwindcss/-/tailwindcss-3.4.17.tgz 0ms (cache hit)
191 http cache tapable@https://registry.npmjs.org/tapable/-/tapable-2.2.1.tgz 0ms (cache hit)
192 http cache supports-preserve-symlinks-flag@https://registry.npmjs.org/supports-preserve-symlinks-flag/-/supports-preserve-symlinks-flag-1.0.0.tgz 0ms (cache hit)
193 http cache sucrase@https://registry.npmjs.org/sucrase/-/sucrase-3.35.0.tgz 0ms (cache hit)
194 http cache strip-ansi@https://registry.npmjs.org/strip-ansi/-/strip-ansi-7.1.0.tgz 0ms (cache hit)
195 http cache string-width@https://registry.npmjs.org/string-width/-/string-width-5.1.2.tgz 0ms (cache hit)
196 http cache signal-exit@https://registry.npmjs.org/signal-exit/-/signal-exit-4.1.0.tgz 0ms (cache hit)
197 http cache shell-quote@https://registry.npmjs.org/shell-quote/-/shell-quote-1.8.2.tgz 0ms (cache hit)
198 http cache shebang-regex@https://registry.npmjs.org/shebang-regex/-/shebang-regex-3.0.0.tgz 0ms (cache hit)
199 http cache shebang-command@https://registry.npmjs.org/shebang-command/-/shebang-command-2.0.0.tgz 0ms (cache hit)
200 http cache run-parallel@https://registry.npmjs.org/run-parallel/-/run-parallel-1.2.0.tgz 0ms (cache hit)
201 http cache rollup@https://registry.npmjs.org/rollup/-/rollup-4.40.2.tgz 0ms (cache hit)
202 http cache reusify@https://registry.npmjs.org/reusify/-/reusify-1.1.0.tgz 0ms (cache hit)
203 http cache resolve@https://registry.npmjs.org/resolve/-/resolve-1.22.10.tgz 0ms (cache hit)
204 http cache readdirp@https://registry.npmjs.org/readdirp/-/readdirp-3.6.0.tgz 0ms (cache hit)
205 http cache queue-microtask@https://registry.npmjs.org/queue-microtask/-/queue-microtask-1.2.3.tgz 0ms (cache hit)
206 http cache read-cache@https://registry.npmjs.org/read-cache/-/read-cache-1.0.0.tgz 0ms (cache hit)
207 http cache postcss-nested@https://registry.npmjs.org/postcss-nested/-/postcss-nested-6.2.0.tgz 0ms (cache hit)
208 http cache postcss-value-parser@https://registry.npmjs.org/postcss-value-parser/-/postcss-value-parser-4.2.0.tgz 0ms (cache hit)
209 http cache postcss-selector-parser@https://registry.npmjs.org/postcss-selector-parser/-/postcss-selector-parser-6.1.2.tgz 0ms (cache hit)
210 http cache postcss-js@https://registry.npmjs.org/postcss-js/-/postcss-js-4.0.1.tgz 0ms (cache hit)
211 http cache postcss-load-config@https://registry.npmjs.org/postcss-load-config/-/postcss-load-config-4.0.2.tgz 0ms (cache hit)
212 http cache postcss-import@https://registry.npmjs.org/postcss-import/-/postcss-import-15.1.0.tgz 0ms (cache hit)
213 http cache pify@https://registry.npmjs.org/pify/-/pify-2.3.0.tgz 0ms (cache hit)
214 http cache postcss@https://registry.npmjs.org/postcss/-/postcss-8.5.3.tgz 0ms (cache hit)
215 http cache path-scurry@https://registry.npmjs.org/path-scurry/-/path-scurry-1.11.1.tgz 0ms (cache hit)
216 http cache path-parse@https://registry.npmjs.org/path-parse/-/path-parse-1.0.7.tgz 0ms (cache hit)
217 http cache package-json-from-dist@https://registry.npmjs.org/package-json-from-dist/-/package-json-from-dist-1.0.1.tgz 0ms (cache hit)
218 http cache pirates@https://registry.npmjs.org/pirates/-/pirates-4.0.7.tgz 0ms (cache hit)
219 http cache path-key@https://registry.npmjs.org/path-key/-/path-key-3.1.1.tgz 0ms (cache hit)
220 http cache object-hash@https://registry.npmjs.org/object-hash/-/object-hash-3.0.0.tgz 0ms (cache hit)
221 http cache object-assign@https://registry.npmjs.org/object-assign/-/object-assign-4.1.1.tgz 0ms (cache hit)
222 http cache normalize-path@https://registry.npmjs.org/normalize-path/-/normalize-path-3.0.0.tgz 0ms (cache hit)
223 http cache normalize-range@https://registry.npmjs.org/normalize-range/-/normalize-range-0.1.2.tgz 0ms (cache hit)
224 http cache node-releases@https://registry.npmjs.org/node-releases/-/node-releases-2.0.19.tgz 0ms (cache hit)
225 http cache mz@https://registry.npmjs.org/mz/-/mz-2.7.0.tgz 0ms (cache hit)
226 http cache mkdirp@https://registry.npmjs.org/mkdirp/-/mkdirp-3.0.1.tgz 0ms (cache hit)
227 http cache minizlib@https://registry.npmjs.org/minizlib/-/minizlib-3.0.2.tgz 0ms (cache hit)
228 http cache minimatch@https://registry.npmjs.org/minimatch/-/minimatch-9.0.5.tgz 0ms (cache hit)
229 http cache minipass@https://registry.npmjs.org/minipass/-/minipass-7.1.2.tgz 0ms (cache hit)
230 http cache mini-svg-data-uri@https://registry.npmjs.org/mini-svg-data-uri/-/mini-svg-data-uri-1.4.4.tgz 0ms (cache hit)
231 http cache micromatch@https://registry.npmjs.org/micromatch/-/micromatch-4.0.8.tgz 0ms (cache hit)
232 http cache merge2@https://registry.npmjs.org/merge2/-/merge2-1.4.1.tgz 0ms (cache hit)
233 http cache magic-string@https://registry.npmjs.org/magic-string/-/magic-string-0.30.17.tgz 0ms (cache hit)
234 http cache lru-cache@https://registry.npmjs.org/lru-cache/-/lru-cache-10.4.3.tgz 0ms (cache hit)
235 http cache lodash@https://registry.npmjs.org/lodash/-/lodash-4.17.21.tgz 0ms (cache hit)
236 http cache lines-and-columns@https://registry.npmjs.org/lines-and-columns/-/lines-and-columns-1.2.4.tgz 0ms (cache hit)
237 http cache lightningcss-win32-x64-msvc@https://registry.npmjs.org/lightningcss-win32-x64-msvc/-/lightningcss-win32-x64-msvc-1.30.1.tgz 0ms (cache hit)
238 http cache lightningcss@https://registry.npmjs.org/lightningcss/-/lightningcss-1.30.1.tgz 0ms (cache hit)
239 http cache laravel-vite-plugin@https://registry.npmjs.org/laravel-vite-plugin/-/laravel-vite-plugin-1.2.0.tgz 0ms (cache hit)
240 http cache lilconfig@https://registry.npmjs.org/lilconfig/-/lilconfig-3.1.3.tgz 0ms (cache hit)
241 http cache jiti@https://registry.npmjs.org/jiti/-/jiti-2.4.2.tgz 0ms (cache hit)
242 http cache jackspeak@https://registry.npmjs.org/jackspeak/-/jackspeak-3.4.3.tgz 0ms (cache hit)
243 http cache isexe@https://registry.npmjs.org/isexe/-/isexe-2.0.0.tgz 0ms (cache hit)
244 http cache is-number@https://registry.npmjs.org/is-number/-/is-number-7.0.0.tgz 0ms (cache hit)
245 http cache is-extglob@https://registry.npmjs.org/is-extglob/-/is-extglob-2.1.1.tgz 0ms (cache hit)
246 http cache is-glob@https://registry.npmjs.org/is-glob/-/is-glob-4.0.3.tgz 0ms (cache hit)
247 http cache is-core-module@https://registry.npmjs.org/is-core-module/-/is-core-module-2.16.1.tgz 0ms (cache hit)
248 http cache glob@https://registry.npmjs.org/glob/-/glob-10.4.5.tgz 0ms (cache hit)
249 http cache glob-parent@https://registry.npmjs.org/glob-parent/-/glob-parent-6.0.2.tgz 0ms (cache hit)
250 http cache is-binary-path@https://registry.npmjs.org/is-binary-path/-/is-binary-path-2.1.0.tgz 0ms (cache hit)
251 http cache fraction.js@https://registry.npmjs.org/fraction.js/-/fraction.js-4.3.7.tgz 0ms (cache hit)
252 http cache form-data@https://registry.npmjs.org/form-data/-/form-data-4.0.2.tgz 0ms (cache hit)
253 http cache foreground-child@https://registry.npmjs.org/foreground-child/-/foreground-child-3.3.1.tgz 0ms (cache hit)
254 http cache follow-redirects@https://registry.npmjs.org/follow-redirects/-/follow-redirects-1.15.9.tgz 0ms (cache hit)
255 http cache fill-range@https://registry.npmjs.org/fill-range/-/fill-range-7.1.1.tgz 0ms (cache hit)
256 http cache fastq@https://registry.npmjs.org/fastq/-/fastq-1.19.1.tgz 0ms (cache hit)
257 http cache fast-glob@https://registry.npmjs.org/fast-glob/-/fast-glob-3.3.3.tgz 1ms (cache hit)
258 http cache enhanced-resolve@https://registry.npmjs.org/enhanced-resolve/-/enhanced-resolve-5.18.1.tgz 0ms (cache hit)
259 http cache esbuild@https://registry.npmjs.org/esbuild/-/esbuild-0.25.4.tgz 0ms (cache hit)
260 http cache emoji-regex@https://registry.npmjs.org/emoji-regex/-/emoji-regex-9.2.2.tgz 0ms (cache hit)
261 http cache eastasianwidth@https://registry.npmjs.org/eastasianwidth/-/eastasianwidth-0.2.0.tgz 0ms (cache hit)
262 http cache electron-to-chromium@https://registry.npmjs.org/electron-to-chromium/-/electron-to-chromium-1.5.155.tgz 0ms (cache hit)
263 http cache detect-libc@https://registry.npmjs.org/detect-libc/-/detect-libc-2.0.4.tgz 0ms (cache hit)
264 http cache didyoumean@https://registry.npmjs.org/didyoumean/-/didyoumean-1.2.2.tgz 0ms (cache hit)
265 http cache dlv@https://registry.npmjs.org/dlv/-/dlv-1.1.3.tgz 0ms (cache hit)
266 http cache cssesc@https://registry.npmjs.org/cssesc/-/cssesc-3.0.0.tgz 0ms (cache hit)
267 http cache cross-spawn@https://registry.npmjs.org/cross-spawn/-/cross-spawn-7.0.6.tgz 0ms (cache hit)
268 http cache concurrently@https://registry.npmjs.org/concurrently/-/concurrently-9.1.2.tgz 0ms (cache hit)
269 http cache chownr@https://registry.npmjs.org/chownr/-/chownr-3.0.0.tgz 0ms (cache hit)
270 http cache commander@https://registry.npmjs.org/commander/-/commander-4.1.1.tgz 0ms (cache hit)
271 http cache chokidar@https://registry.npmjs.org/chokidar/-/chokidar-3.6.0.tgz 0ms (cache hit)
272 http cache caniuse-lite@https://registry.npmjs.org/caniuse-lite/-/caniuse-lite-1.0.30001718.tgz 0ms (cache hit)
273 http cache camelcase-css@https://registry.npmjs.org/camelcase-css/-/camelcase-css-2.0.1.tgz 0ms (cache hit)
274 http cache browserslist@https://registry.npmjs.org/browserslist/-/browserslist-4.24.5.tgz 0ms (cache hit)
275 http cache braces@https://registry.npmjs.org/braces/-/braces-3.0.3.tgz 0ms (cache hit)
276 http cache brace-expansion@https://registry.npmjs.org/brace-expansion/-/brace-expansion-2.0.1.tgz 0ms (cache hit)
277 http cache binary-extensions@https://registry.npmjs.org/binary-extensions/-/binary-extensions-2.3.0.tgz 0ms (cache hit)
278 http cache balanced-match@https://registry.npmjs.org/balanced-match/-/balanced-match-1.0.2.tgz 0ms (cache hit)
279 http cache axios@https://registry.npmjs.org/axios/-/axios-1.9.0.tgz 0ms (cache hit)
280 http cache autoprefixer@https://registry.npmjs.org/autoprefixer/-/autoprefixer-10.4.21.tgz 0ms (cache hit)
281 http cache anymatch@https://registry.npmjs.org/anymatch/-/anymatch-3.1.3.tgz 0ms (cache hit)
282 http cache arg@https://registry.npmjs.org/arg/-/arg-5.0.2.tgz 0ms (cache hit)
283 http cache tailwindcss@https://registry.npmjs.org/tailwindcss/-/tailwindcss-4.1.7.tgz 0ms (cache hit)
284 http cache tailwindcss@https://registry.npmjs.org/tailwindcss/-/tailwindcss-4.1.7.tgz 0ms (cache hit)
285 http cache ansi-styles@https://registry.npmjs.org/ansi-styles/-/ansi-styles-6.2.1.tgz 0ms (cache hit)
286 http cache any-promise@https://registry.npmjs.org/any-promise/-/any-promise-1.3.0.tgz 0ms (cache hit)
287 http cache ansi-regex@https://registry.npmjs.org/ansi-regex/-/ansi-regex-6.1.0.tgz 0ms (cache hit)
288 http cache alpinejs@https://registry.npmjs.org/alpinejs/-/alpinejs-3.14.9.tgz 0ms (cache hit)
289 http cache picomatch@https://registry.npmjs.org/picomatch/-/picomatch-4.0.2.tgz 0ms (cache hit)
290 http cache fdir@https://registry.npmjs.org/fdir/-/fdir-6.4.4.tgz 0ms (cache hit)
291 http cache picomatch@https://registry.npmjs.org/picomatch/-/picomatch-4.0.2.tgz 0ms (cache hit)
292 http cache fdir@https://registry.npmjs.org/fdir/-/fdir-6.4.4.tgz 0ms (cache hit)
293 http cache jiti@https://registry.npmjs.org/jiti/-/jiti-1.21.7.tgz 0ms (cache hit)
294 silly tarball no local data for tree-kill@https://registry.npmjs.org/tree-kill/-/tree-kill-1.2.2.tgz. Extracting by manifest.
295 http cache glob-parent@https://registry.npmjs.org/glob-parent/-/glob-parent-5.1.2.tgz 0ms (cache hit)
296 http cache glob-parent@https://registry.npmjs.org/glob-parent/-/glob-parent-5.1.2.tgz 0ms (cache hit)
297 silly tarball no local data for @vue/shared@https://registry.npmjs.org/@vue/shared/-/shared-3.1.5.tgz. Extracting by manifest.
298 silly tarball no local data for nanoid@https://registry.npmjs.org/nanoid/-/nanoid-3.3.11.tgz. Extracting by manifest.
299 silly tarball no local data for @vue/reactivity@https://registry.npmjs.org/@vue/reactivity/-/reactivity-3.1.5.tgz. Extracting by manifest.
300 silly tarball no local data for @tailwindcss/vite@https://registry.npmjs.org/@tailwindcss/vite/-/vite-4.1.7.tgz. Extracting by manifest.
301 silly tarball no local data for @types/estree@https://registry.npmjs.org/@types/estree/-/estree-1.0.7.tgz. Extracting by manifest.
302 silly tarball no local data for @tailwindcss/oxide-win32-x64-msvc@https://registry.npmjs.org/@tailwindcss/oxide-win32-x64-msvc/-/oxide-win32-x64-msvc-4.1.7.tgz. Extracting by manifest.
303 silly tarball no local data for @tailwindcss/oxide@https://registry.npmjs.org/@tailwindcss/oxide/-/oxide-4.1.7.tgz. Extracting by manifest.
304 silly tarball no local data for @tailwindcss/node@https://registry.npmjs.org/@tailwindcss/node/-/node-4.1.7.tgz. Extracting by manifest.
305 silly tarball no local data for @tailwindcss/forms@https://registry.npmjs.org/@tailwindcss/forms/-/forms-0.5.10.tgz. Extracting by manifest.
306 silly tarball no local data for @rollup/rollup-win32-x64-msvc@https://registry.npmjs.org/@rollup/rollup-win32-x64-msvc/-/rollup-win32-x64-msvc-4.40.2.tgz. Extracting by manifest.
307 silly tarball no local data for @pkgjs/parseargs@https://registry.npmjs.org/@pkgjs/parseargs/-/parseargs-0.11.0.tgz. Extracting by manifest.
308 silly tarball no local data for @jridgewell/trace-mapping@https://registry.npmjs.org/@jridgewell/trace-mapping/-/trace-mapping-0.3.25.tgz. Extracting by manifest.
309 silly tarball no local data for @nodelib/fs.walk@https://registry.npmjs.org/@nodelib/fs.walk/-/fs.walk-1.2.8.tgz. Extracting by manifest.
310 silly tarball no local data for @nodelib/fs.scandir@https://registry.npmjs.org/@nodelib/fs.scandir/-/fs.scandir-2.1.5.tgz. Extracting by manifest.
311 silly tarball no local data for @nodelib/fs.stat@https://registry.npmjs.org/@nodelib/fs.stat/-/fs.stat-2.0.5.tgz. Extracting by manifest.
312 silly tarball no local data for @isaacs/fs-minipass@https://registry.npmjs.org/@isaacs/fs-minipass/-/fs-minipass-4.0.1.tgz. Extracting by manifest.
313 silly tarball no local data for @jridgewell/sourcemap-codec@https://registry.npmjs.org/@jridgewell/sourcemap-codec/-/sourcemap-codec-1.5.0.tgz. Extracting by manifest.
314 silly tarball no local data for @jridgewell/set-array@https://registry.npmjs.org/@jridgewell/set-array/-/set-array-1.2.1.tgz. Extracting by manifest.
315 silly tarball no local data for @jridgewell/gen-mapping@https://registry.npmjs.org/@jridgewell/gen-mapping/-/gen-mapping-0.3.8.tgz. Extracting by manifest.
316 silly tarball no local data for @esbuild/win32-x64@https://registry.npmjs.org/@esbuild/win32-x64/-/win32-x64-0.25.4.tgz. Extracting by manifest.
317 silly tarball no local data for @isaacs/cliui@https://registry.npmjs.org/@isaacs/cliui/-/cliui-8.0.2.tgz. Extracting by manifest.
318 silly tarball no local data for @ampproject/remapping@https://registry.npmjs.org/@ampproject/remapping/-/remapping-2.3.0.tgz. Extracting by manifest.
319 silly tarball no local data for @alloc/quick-lru@https://registry.npmjs.org/@alloc/quick-lru/-/quick-lru-5.2.0.tgz. Extracting by manifest.
320 silly tarball no local data for yaml@https://registry.npmjs.org/yaml/-/yaml-2.8.0.tgz. Extracting by manifest.
321 silly tarball no local data for which@https://registry.npmjs.org/which/-/which-2.0.2.tgz. Extracting by manifest.
322 silly tarball no local data for yallist@https://registry.npmjs.org/yallist/-/yallist-5.0.0.tgz. Extracting by manifest.
323 silly tarball no local data for wrap-ansi@https://registry.npmjs.org/wrap-ansi/-/wrap-ansi-8.1.0.tgz. Extracting by manifest.
324 silly tarball no local data for update-browserslist-db@https://registry.npmjs.org/update-browserslist-db/-/update-browserslist-db-1.1.3.tgz. Extracting by manifest.
325 silly tarball no local data for vite@https://registry.npmjs.org/vite/-/vite-6.3.5.tgz. Extracting by manifest.
326 silly tarball no local data for util-deprecate@https://registry.npmjs.org/util-deprecate/-/util-deprecate-1.0.2.tgz. Extracting by manifest.
327 silly tarball no local data for ts-interface-checker@https://registry.npmjs.org/ts-interface-checker/-/ts-interface-checker-0.1.13.tgz. Extracting by manifest.
328 silly tarball no local data for to-regex-range@https://registry.npmjs.org/to-regex-range/-/to-regex-range-5.0.1.tgz. Extracting by manifest.
329 silly tarball no local data for tinyglobby@https://registry.npmjs.org/tinyglobby/-/tinyglobby-0.2.13.tgz. Extracting by manifest.
330 silly tarball no local data for thenify-all@https://registry.npmjs.org/thenify-all/-/thenify-all-1.6.0.tgz. Extracting by manifest.
331 silly tarball no local data for thenify@https://registry.npmjs.org/thenify/-/thenify-3.3.1.tgz. Extracting by manifest.
332 silly tarball no local data for tar@https://registry.npmjs.org/tar/-/tar-7.4.3.tgz. Extracting by manifest.
333 silly tarball no local data for tailwindcss@https://registry.npmjs.org/tailwindcss/-/tailwindcss-3.4.17.tgz. Extracting by manifest.
334 silly tarball no local data for tapable@https://registry.npmjs.org/tapable/-/tapable-2.2.1.tgz. Extracting by manifest.
335 silly tarball no local data for supports-preserve-symlinks-flag@https://registry.npmjs.org/supports-preserve-symlinks-flag/-/supports-preserve-symlinks-flag-1.0.0.tgz. Extracting by manifest.
336 silly tarball no local data for sucrase@https://registry.npmjs.org/sucrase/-/sucrase-3.35.0.tgz. Extracting by manifest.
337 silly tarball no local data for strip-ansi@https://registry.npmjs.org/strip-ansi/-/strip-ansi-7.1.0.tgz. Extracting by manifest.
338 silly tarball no local data for string-width@https://registry.npmjs.org/string-width/-/string-width-5.1.2.tgz. Extracting by manifest.
339 silly tarball no local data for signal-exit@https://registry.npmjs.org/signal-exit/-/signal-exit-4.1.0.tgz. Extracting by manifest.
340 silly tarball no local data for shell-quote@https://registry.npmjs.org/shell-quote/-/shell-quote-1.8.2.tgz. Extracting by manifest.
341 silly tarball no local data for shebang-regex@https://registry.npmjs.org/shebang-regex/-/shebang-regex-3.0.0.tgz. Extracting by manifest.
342 silly tarball no local data for shebang-command@https://registry.npmjs.org/shebang-command/-/shebang-command-2.0.0.tgz. Extracting by manifest.
343 silly tarball no local data for run-parallel@https://registry.npmjs.org/run-parallel/-/run-parallel-1.2.0.tgz. Extracting by manifest.
344 silly tarball no local data for rollup@https://registry.npmjs.org/rollup/-/rollup-4.40.2.tgz. Extracting by manifest.
345 silly tarball no local data for reusify@https://registry.npmjs.org/reusify/-/reusify-1.1.0.tgz. Extracting by manifest.
346 silly tarball no local data for resolve@https://registry.npmjs.org/resolve/-/resolve-1.22.10.tgz. Extracting by manifest.
347 silly tarball no local data for readdirp@https://registry.npmjs.org/readdirp/-/readdirp-3.6.0.tgz. Extracting by manifest.
348 silly tarball no local data for queue-microtask@https://registry.npmjs.org/queue-microtask/-/queue-microtask-1.2.3.tgz. Extracting by manifest.
349 silly tarball no local data for read-cache@https://registry.npmjs.org/read-cache/-/read-cache-1.0.0.tgz. Extracting by manifest.
350 silly tarball no local data for postcss-nested@https://registry.npmjs.org/postcss-nested/-/postcss-nested-6.2.0.tgz. Extracting by manifest.
351 silly tarball no local data for postcss-value-parser@https://registry.npmjs.org/postcss-value-parser/-/postcss-value-parser-4.2.0.tgz. Extracting by manifest.
352 silly tarball no local data for postcss-selector-parser@https://registry.npmjs.org/postcss-selector-parser/-/postcss-selector-parser-6.1.2.tgz. Extracting by manifest.
353 silly tarball no local data for postcss-js@https://registry.npmjs.org/postcss-js/-/postcss-js-4.0.1.tgz. Extracting by manifest.
354 silly tarball no local data for postcss-load-config@https://registry.npmjs.org/postcss-load-config/-/postcss-load-config-4.0.2.tgz. Extracting by manifest.
355 silly tarball no local data for postcss-import@https://registry.npmjs.org/postcss-import/-/postcss-import-15.1.0.tgz. Extracting by manifest.
356 silly tarball no local data for pify@https://registry.npmjs.org/pify/-/pify-2.3.0.tgz. Extracting by manifest.
357 silly tarball no local data for postcss@https://registry.npmjs.org/postcss/-/postcss-8.5.3.tgz. Extracting by manifest.
358 silly tarball no local data for path-scurry@https://registry.npmjs.org/path-scurry/-/path-scurry-1.11.1.tgz. Extracting by manifest.
359 silly tarball no local data for path-parse@https://registry.npmjs.org/path-parse/-/path-parse-1.0.7.tgz. Extracting by manifest.
360 silly tarball no local data for package-json-from-dist@https://registry.npmjs.org/package-json-from-dist/-/package-json-from-dist-1.0.1.tgz. Extracting by manifest.
361 silly tarball no local data for pirates@https://registry.npmjs.org/pirates/-/pirates-4.0.7.tgz. Extracting by manifest.
362 silly tarball no local data for path-key@https://registry.npmjs.org/path-key/-/path-key-3.1.1.tgz. Extracting by manifest.
363 silly tarball no local data for object-hash@https://registry.npmjs.org/object-hash/-/object-hash-3.0.0.tgz. Extracting by manifest.
364 silly tarball no local data for object-assign@https://registry.npmjs.org/object-assign/-/object-assign-4.1.1.tgz. Extracting by manifest.
365 silly tarball no local data for normalize-path@https://registry.npmjs.org/normalize-path/-/normalize-path-3.0.0.tgz. Extracting by manifest.
366 silly tarball no local data for normalize-range@https://registry.npmjs.org/normalize-range/-/normalize-range-0.1.2.tgz. Extracting by manifest.
367 silly tarball no local data for node-releases@https://registry.npmjs.org/node-releases/-/node-releases-2.0.19.tgz. Extracting by manifest.
368 silly tarball no local data for mz@https://registry.npmjs.org/mz/-/mz-2.7.0.tgz. Extracting by manifest.
369 silly tarball no local data for mkdirp@https://registry.npmjs.org/mkdirp/-/mkdirp-3.0.1.tgz. Extracting by manifest.
370 silly tarball no local data for minizlib@https://registry.npmjs.org/minizlib/-/minizlib-3.0.2.tgz. Extracting by manifest.
371 silly tarball no local data for minimatch@https://registry.npmjs.org/minimatch/-/minimatch-9.0.5.tgz. Extracting by manifest.
372 silly tarball no local data for minipass@https://registry.npmjs.org/minipass/-/minipass-7.1.2.tgz. Extracting by manifest.
373 silly tarball no local data for mini-svg-data-uri@https://registry.npmjs.org/mini-svg-data-uri/-/mini-svg-data-uri-1.4.4.tgz. Extracting by manifest.
374 silly tarball no local data for micromatch@https://registry.npmjs.org/micromatch/-/micromatch-4.0.8.tgz. Extracting by manifest.
375 silly tarball no local data for merge2@https://registry.npmjs.org/merge2/-/merge2-1.4.1.tgz. Extracting by manifest.
376 silly tarball no local data for magic-string@https://registry.npmjs.org/magic-string/-/magic-string-0.30.17.tgz. Extracting by manifest.
377 silly tarball no local data for lru-cache@https://registry.npmjs.org/lru-cache/-/lru-cache-10.4.3.tgz. Extracting by manifest.
378 silly tarball no local data for lodash@https://registry.npmjs.org/lodash/-/lodash-4.17.21.tgz. Extracting by manifest.
379 silly tarball no local data for lines-and-columns@https://registry.npmjs.org/lines-and-columns/-/lines-and-columns-1.2.4.tgz. Extracting by manifest.
380 silly tarball no local data for lightningcss-win32-x64-msvc@https://registry.npmjs.org/lightningcss-win32-x64-msvc/-/lightningcss-win32-x64-msvc-1.30.1.tgz. Extracting by manifest.
381 silly tarball no local data for lightningcss@https://registry.npmjs.org/lightningcss/-/lightningcss-1.30.1.tgz. Extracting by manifest.
382 silly tarball no local data for laravel-vite-plugin@https://registry.npmjs.org/laravel-vite-plugin/-/laravel-vite-plugin-1.2.0.tgz. Extracting by manifest.
383 silly tarball no local data for lilconfig@https://registry.npmjs.org/lilconfig/-/lilconfig-3.1.3.tgz. Extracting by manifest.
384 silly tarball no local data for jiti@https://registry.npmjs.org/jiti/-/jiti-2.4.2.tgz. Extracting by manifest.
385 silly tarball no local data for jackspeak@https://registry.npmjs.org/jackspeak/-/jackspeak-3.4.3.tgz. Extracting by manifest.
386 silly tarball no local data for isexe@https://registry.npmjs.org/isexe/-/isexe-2.0.0.tgz. Extracting by manifest.
387 silly tarball no local data for is-number@https://registry.npmjs.org/is-number/-/is-number-7.0.0.tgz. Extracting by manifest.
388 silly tarball no local data for is-extglob@https://registry.npmjs.org/is-extglob/-/is-extglob-2.1.1.tgz. Extracting by manifest.
389 silly tarball no local data for is-glob@https://registry.npmjs.org/is-glob/-/is-glob-4.0.3.tgz. Extracting by manifest.
390 silly tarball no local data for is-core-module@https://registry.npmjs.org/is-core-module/-/is-core-module-2.16.1.tgz. Extracting by manifest.
391 silly tarball no local data for glob@https://registry.npmjs.org/glob/-/glob-10.4.5.tgz. Extracting by manifest.
392 silly tarball no local data for glob-parent@https://registry.npmjs.org/glob-parent/-/glob-parent-6.0.2.tgz. Extracting by manifest.
393 silly tarball no local data for is-binary-path@https://registry.npmjs.org/is-binary-path/-/is-binary-path-2.1.0.tgz. Extracting by manifest.
394 silly tarball no local data for fraction.js@https://registry.npmjs.org/fraction.js/-/fraction.js-4.3.7.tgz. Extracting by manifest.
395 silly tarball no local data for form-data@https://registry.npmjs.org/form-data/-/form-data-4.0.2.tgz. Extracting by manifest.
396 silly tarball no local data for foreground-child@https://registry.npmjs.org/foreground-child/-/foreground-child-3.3.1.tgz. Extracting by manifest.
397 silly tarball no local data for follow-redirects@https://registry.npmjs.org/follow-redirects/-/follow-redirects-1.15.9.tgz. Extracting by manifest.
398 silly tarball no local data for fill-range@https://registry.npmjs.org/fill-range/-/fill-range-7.1.1.tgz. Extracting by manifest.
399 silly tarball no local data for fastq@https://registry.npmjs.org/fastq/-/fastq-1.19.1.tgz. Extracting by manifest.
400 silly tarball no local data for fast-glob@https://registry.npmjs.org/fast-glob/-/fast-glob-3.3.3.tgz. Extracting by manifest.
401 silly tarball no local data for enhanced-resolve@https://registry.npmjs.org/enhanced-resolve/-/enhanced-resolve-5.18.1.tgz. Extracting by manifest.
402 silly tarball no local data for esbuild@https://registry.npmjs.org/esbuild/-/esbuild-0.25.4.tgz. Extracting by manifest.
403 silly tarball no local data for emoji-regex@https://registry.npmjs.org/emoji-regex/-/emoji-regex-9.2.2.tgz. Extracting by manifest.
404 silly tarball no local data for eastasianwidth@https://registry.npmjs.org/eastasianwidth/-/eastasianwidth-0.2.0.tgz. Extracting by manifest.
405 silly tarball no local data for electron-to-chromium@https://registry.npmjs.org/electron-to-chromium/-/electron-to-chromium-1.5.155.tgz. Extracting by manifest.
406 silly tarball no local data for detect-libc@https://registry.npmjs.org/detect-libc/-/detect-libc-2.0.4.tgz. Extracting by manifest.
407 silly tarball no local data for didyoumean@https://registry.npmjs.org/didyoumean/-/didyoumean-1.2.2.tgz. Extracting by manifest.
408 silly tarball no local data for dlv@https://registry.npmjs.org/dlv/-/dlv-1.1.3.tgz. Extracting by manifest.
409 silly tarball no local data for cssesc@https://registry.npmjs.org/cssesc/-/cssesc-3.0.0.tgz. Extracting by manifest.
410 silly tarball no local data for cross-spawn@https://registry.npmjs.org/cross-spawn/-/cross-spawn-7.0.6.tgz. Extracting by manifest.
411 silly tarball no local data for concurrently@https://registry.npmjs.org/concurrently/-/concurrently-9.1.2.tgz. Extracting by manifest.
412 silly tarball no local data for chownr@https://registry.npmjs.org/chownr/-/chownr-3.0.0.tgz. Extracting by manifest.
413 silly tarball no local data for commander@https://registry.npmjs.org/commander/-/commander-4.1.1.tgz. Extracting by manifest.
414 silly tarball no local data for chokidar@https://registry.npmjs.org/chokidar/-/chokidar-3.6.0.tgz. Extracting by manifest.
415 silly tarball no local data for caniuse-lite@https://registry.npmjs.org/caniuse-lite/-/caniuse-lite-1.0.30001718.tgz. Extracting by manifest.
416 silly tarball no local data for camelcase-css@https://registry.npmjs.org/camelcase-css/-/camelcase-css-2.0.1.tgz. Extracting by manifest.
417 silly tarball no local data for browserslist@https://registry.npmjs.org/browserslist/-/browserslist-4.24.5.tgz. Extracting by manifest.
418 silly tarball no local data for braces@https://registry.npmjs.org/braces/-/braces-3.0.3.tgz. Extracting by manifest.
419 silly tarball no local data for brace-expansion@https://registry.npmjs.org/brace-expansion/-/brace-expansion-2.0.1.tgz. Extracting by manifest.
420 silly tarball no local data for binary-extensions@https://registry.npmjs.org/binary-extensions/-/binary-extensions-2.3.0.tgz. Extracting by manifest.
421 silly tarball no local data for balanced-match@https://registry.npmjs.org/balanced-match/-/balanced-match-1.0.2.tgz. Extracting by manifest.
422 silly tarball no local data for axios@https://registry.npmjs.org/axios/-/axios-1.9.0.tgz. Extracting by manifest.
423 silly tarball no local data for autoprefixer@https://registry.npmjs.org/autoprefixer/-/autoprefixer-10.4.21.tgz. Extracting by manifest.
424 silly tarball no local data for anymatch@https://registry.npmjs.org/anymatch/-/anymatch-3.1.3.tgz. Extracting by manifest.
425 silly tarball no local data for arg@https://registry.npmjs.org/arg/-/arg-5.0.2.tgz. Extracting by manifest.
426 silly tarball no local data for tailwindcss@https://registry.npmjs.org/tailwindcss/-/tailwindcss-4.1.7.tgz. Extracting by manifest.
427 silly tarball no local data for tailwindcss@https://registry.npmjs.org/tailwindcss/-/tailwindcss-4.1.7.tgz. Extracting by manifest.
428 silly tarball no local data for ansi-styles@https://registry.npmjs.org/ansi-styles/-/ansi-styles-6.2.1.tgz. Extracting by manifest.
429 silly tarball no local data for any-promise@https://registry.npmjs.org/any-promise/-/any-promise-1.3.0.tgz. Extracting by manifest.
430 silly tarball no local data for ansi-regex@https://registry.npmjs.org/ansi-regex/-/ansi-regex-6.1.0.tgz. Extracting by manifest.
431 silly tarball no local data for alpinejs@https://registry.npmjs.org/alpinejs/-/alpinejs-3.14.9.tgz. Extracting by manifest.
432 silly tarball no local data for picomatch@https://registry.npmjs.org/picomatch/-/picomatch-4.0.2.tgz. Extracting by manifest.
433 silly tarball no local data for fdir@https://registry.npmjs.org/fdir/-/fdir-6.4.4.tgz. Extracting by manifest.
434 silly tarball no local data for picomatch@https://registry.npmjs.org/picomatch/-/picomatch-4.0.2.tgz. Extracting by manifest.
435 silly tarball no local data for fdir@https://registry.npmjs.org/fdir/-/fdir-6.4.4.tgz. Extracting by manifest.
436 silly tarball no local data for jiti@https://registry.npmjs.org/jiti/-/jiti-1.21.7.tgz. Extracting by manifest.
437 silly tarball no local data for glob-parent@https://registry.npmjs.org/glob-parent/-/glob-parent-5.1.2.tgz. Extracting by manifest.
438 silly tarball no local data for glob-parent@https://registry.npmjs.org/glob-parent/-/glob-parent-5.1.2.tgz. Extracting by manifest.
439 http fetch GET https://registry.npmjs.org/tree-kill/-/tree-kill-1.2.2.tgz attempt 1 failed with EACCES
440 http fetch GET https://registry.npmjs.org/@vue/shared/-/shared-3.1.5.tgz attempt 1 failed with EACCES
441 http fetch GET https://registry.npmjs.org/nanoid/-/nanoid-3.3.11.tgz attempt 1 failed with EACCES
442 http fetch GET https://registry.npmjs.org/@vue/reactivity/-/reactivity-3.1.5.tgz attempt 1 failed with EACCES
443 http fetch GET https://registry.npmjs.org/@tailwindcss/vite/-/vite-4.1.7.tgz attempt 1 failed with EACCES
444 http fetch GET https://registry.npmjs.org/@types/estree/-/estree-1.0.7.tgz attempt 1 failed with EACCES
445 http fetch GET https://registry.npmjs.org/@tailwindcss/oxide-win32-x64-msvc/-/oxide-win32-x64-msvc-4.1.7.tgz attempt 1 failed with EACCES
446 http fetch GET https://registry.npmjs.org/@tailwindcss/oxide/-/oxide-4.1.7.tgz attempt 1 failed with EACCES
447 http fetch GET https://registry.npmjs.org/@tailwindcss/node/-/node-4.1.7.tgz attempt 1 failed with EACCES
448 http fetch GET https://registry.npmjs.org/@tailwindcss/forms/-/forms-0.5.10.tgz attempt 1 failed with EACCES
449 http fetch GET https://registry.npmjs.org/@rollup/rollup-win32-x64-msvc/-/rollup-win32-x64-msvc-4.40.2.tgz attempt 1 failed with EACCES
450 http fetch GET https://registry.npmjs.org/@pkgjs/parseargs/-/parseargs-0.11.0.tgz attempt 1 failed with EACCES
451 http fetch GET https://registry.npmjs.org/@jridgewell/trace-mapping/-/trace-mapping-0.3.25.tgz attempt 1 failed with EACCES
452 http fetch GET https://registry.npmjs.org/@nodelib/fs.walk/-/fs.walk-1.2.8.tgz attempt 1 failed with EACCES
453 http fetch GET https://registry.npmjs.org/@nodelib/fs.scandir/-/fs.scandir-2.1.5.tgz attempt 1 failed with EACCES
454 http fetch GET https://registry.npmjs.org/npm attempt 2 failed with EACCES
455 http fetch GET https://registry.npmjs.org/tree-kill/-/tree-kill-1.2.2.tgz attempt 2 failed with EACCES
456 http fetch GET https://registry.npmjs.org/@vue/shared/-/shared-3.1.5.tgz attempt 2 failed with EACCES
457 http fetch GET https://registry.npmjs.org/nanoid/-/nanoid-3.3.11.tgz attempt 2 failed with EACCES
458 http fetch GET https://registry.npmjs.org/@vue/reactivity/-/reactivity-3.1.5.tgz attempt 2 failed with EACCES
459 http fetch GET https://registry.npmjs.org/@tailwindcss/vite/-/vite-4.1.7.tgz attempt 2 failed with EACCES
460 http fetch GET https://registry.npmjs.org/@types/estree/-/estree-1.0.7.tgz attempt 2 failed with EACCES
461 http fetch GET https://registry.npmjs.org/@tailwindcss/oxide-win32-x64-msvc/-/oxide-win32-x64-msvc-4.1.7.tgz attempt 2 failed with EACCES
462 http fetch GET https://registry.npmjs.org/@tailwindcss/oxide/-/oxide-4.1.7.tgz attempt 2 failed with EACCES
463 http fetch GET https://registry.npmjs.org/@tailwindcss/node/-/node-4.1.7.tgz attempt 2 failed with EACCES
464 http fetch GET https://registry.npmjs.org/@tailwindcss/forms/-/forms-0.5.10.tgz attempt 2 failed with EACCES
465 http fetch GET https://registry.npmjs.org/@rollup/rollup-win32-x64-msvc/-/rollup-win32-x64-msvc-4.40.2.tgz attempt 2 failed with EACCES
466 http fetch GET https://registry.npmjs.org/@pkgjs/parseargs/-/parseargs-0.11.0.tgz attempt 2 failed with EACCES
467 http fetch GET https://registry.npmjs.org/@jridgewell/trace-mapping/-/trace-mapping-0.3.25.tgz attempt 2 failed with EACCES
468 http fetch GET https://registry.npmjs.org/@nodelib/fs.walk/-/fs.walk-1.2.8.tgz attempt 2 failed with EACCES
469 http fetch GET https://registry.npmjs.org/@nodelib/fs.scandir/-/fs.scandir-2.1.5.tgz attempt 2 failed with EACCES
470 http fetch GET https://registry.npmjs.org/npm attempt 3 failed with EACCES
471 http fetch GET https://registry.npmjs.org/tree-kill/-/tree-kill-1.2.2.tgz attempt 3 failed with EACCES
472 http fetch GET https://registry.npmjs.org/@vue/shared/-/shared-3.1.5.tgz attempt 3 failed with EACCES
473 http fetch GET https://registry.npmjs.org/nanoid/-/nanoid-3.3.11.tgz attempt 3 failed with EACCES
474 http fetch GET https://registry.npmjs.org/@vue/reactivity/-/reactivity-3.1.5.tgz attempt 3 failed with EACCES
475 http fetch GET https://registry.npmjs.org/@tailwindcss/vite/-/vite-4.1.7.tgz attempt 3 failed with EACCES
476 http fetch GET https://registry.npmjs.org/@types/estree/-/estree-1.0.7.tgz attempt 3 failed with EACCES
477 http fetch GET https://registry.npmjs.org/@tailwindcss/oxide-win32-x64-msvc/-/oxide-win32-x64-msvc-4.1.7.tgz attempt 3 failed with EACCES
478 verbose reify failed optional dependency C:\xampp\htdocs\training\cetsy\node_modules\@tailwindcss\oxide-win32-x64-msvc
479 silly reify mark deleted [
479 silly reify   'C:\\xampp\\htdocs\\training\\cetsy\\node_modules\\@tailwindcss\\oxide-win32-x64-msvc'
479 silly reify ]
480 http fetch GET https://registry.npmjs.org/@tailwindcss/oxide/-/oxide-4.1.7.tgz attempt 3 failed with EACCES
481 http fetch GET https://registry.npmjs.org/@tailwindcss/node/-/node-4.1.7.tgz attempt 3 failed with EACCES
482 http fetch GET https://registry.npmjs.org/@tailwindcss/forms/-/forms-0.5.10.tgz attempt 3 failed with EACCES
483 http fetch GET https://registry.npmjs.org/@rollup/rollup-win32-x64-msvc/-/rollup-win32-x64-msvc-4.40.2.tgz attempt 3 failed with EACCES
484 verbose reify failed optional dependency C:\xampp\htdocs\training\cetsy\node_modules\@rollup\rollup-win32-x64-msvc
485 silly reify mark deleted [
485 silly reify   'C:\\xampp\\htdocs\\training\\cetsy\\node_modules\\@rollup\\rollup-win32-x64-msvc'
485 silly reify ]
486 http fetch GET https://registry.npmjs.org/@pkgjs/parseargs/-/parseargs-0.11.0.tgz attempt 3 failed with EACCES
487 verbose reify failed optional dependency C:\xampp\htdocs\training\cetsy\node_modules\@pkgjs\parseargs
488 silly reify mark deleted [
488 silly reify   'C:\\xampp\\htdocs\\training\\cetsy\\node_modules\\@pkgjs\\parseargs'
488 silly reify ]
489 http fetch GET https://registry.npmjs.org/@jridgewell/trace-mapping/-/trace-mapping-0.3.25.tgz attempt 3 failed with EACCES
490 http fetch GET https://registry.npmjs.org/@nodelib/fs.walk/-/fs.walk-1.2.8.tgz attempt 3 failed with EACCES
491 http fetch GET https://registry.npmjs.org/@nodelib/fs.scandir/-/fs.scandir-2.1.5.tgz attempt 3 failed with EACCES
492 verbose cwd C:\xampp\htdocs\training\cetsy
493 verbose os Windows_NT 10.0.22631
494 verbose node v24.14.0
495 verbose npm  v11.9.0
496 error Exit handler never called!
497 error This is an error with npm itself. Please report this error at:
498 error   <https://github.com/npm/cli/issues>
499 verbose exit 1
500 verbose code 1
501 error A complete log of this run can be found in: C:\xampp\htdocs\training\cetsy\.npm-cache\_logs\2026-03-16T14_53_58_529Z-debug-0.log
